SF:/home/lewis/src/centralized-docs/centralized-docs/src/analyze.rs
FN:181,_RNCNCNvNtCsfWoOj3yj0zc_3ctd7analyze20analyze_files_cacheds_00B7_
FN:205,_RNCNCNvNtCsfWoOj3yj0zc_3ctd7analyze20analyze_files_cacheds_0s0_0B7_
FN:195,_RNCNCNvNtCsfWoOj3yj0zc_3ctd7analyze20analyze_files_cacheds_0s_0B7_
FN:164,_RNCNvNtCsfWoOj3yj0zc_3ctd7analyze20analyze_files_cached0B5_
FN:215,_RNCNvNtCsfWoOj3yj0zc_3ctd7analyze20analyze_files_cacheds0_0B5_
FN:216,_RNCNvNtCsfWoOj3yj0zc_3ctd7analyze20analyze_files_cacheds1_0B5_
FN:230,_RNCNvNtCsfWoOj3yj0zc_3ctd7analyze20analyze_files_cacheds2_0B5_
FN:231,_RNCNvNtCsfWoOj3yj0zc_3ctd7analyze20analyze_files_cacheds3_0B5_
FN:242,_RNCNvNtCsfWoOj3yj0zc_3ctd7analyze20analyze_files_cacheds4_0B5_
FN:176,_RNCNvNtCsfWoOj3yj0zc_3ctd7analyze20analyze_files_cacheds_0B5_
FN:66,_RNvMNtCsfWoOj3yj0zc_3ctd7analyzeNtB2_13AnalyzeResult3len
FN:72,_RNvMNtCsfWoOj3yj0zc_3ctd7analyzeNtB2_13AnalyzeResult8is_empty
FN:265,_RNvNtCsfWoOj3yj0zc_3ctd7analyze19compute_config_hash
FN:155,_RNvNtCsfWoOj3yj0zc_3ctd7analyze20analyze_files_cached
FN:80,_RNvXs_NtCsfWoOj3yj0zc_3ctd7analyzeNtB4_13AnalyzeResultNtNtNtCs4kUJL3MZFFz_4core3ops5deref5Deref5deref
FN:96,_RNvNtCsfWoOj3yj0zc_3ctd7analyze13analyze_files
FN:518,_RNvNtCsfWoOj3yj0zc_3ctd7analyze15detect_category
FN:86,_RNvNtCsfWoOj3yj0zc_3ctd7analyze16count_categories
FN:397,_RNvNtCsfWoOj3yj0zc_3ctd7analyze19analyze_single_file
FN:476,_RNvNtCsfWoOj3yj0zc_3ctd7analyze19extract_frontmatter
FN:461,_RNvNtCsfWoOj3yj0zc_3ctd7analyze20generate_untitled_id
FN:298,_RNvNtCsfWoOj3yj0zc_3ctd7analyze25extract_markdown_metadata
FN:117,_RNCNCNvNtCsfWoOj3yj0zc_3ctd7analyze13analyze_filess_00B7_
FN:417,_RNCNCNvNtCsfWoOj3yj0zc_3ctd7analyze19analyze_single_files0_00B7_
FN:320,_RNCNCNvNtCsfWoOj3yj0zc_3ctd7analyze25extract_markdown_metadatas_00B7_
FN:104,_RNCNvNtCsfWoOj3yj0zc_3ctd7analyze13analyze_files0B5_
FN:132,_RNCNvNtCsfWoOj3yj0zc_3ctd7analyze13analyze_filess0_0B5_
FN:115,_RNCNvNtCsfWoOj3yj0zc_3ctd7analyze13analyze_filess_0B5_
FN:521,_RNCNvNtCsfWoOj3yj0zc_3ctd7analyze15detect_category0B5_
FN:524,_RNCNvNtCsfWoOj3yj0zc_3ctd7analyze15detect_categorys0_0B5_
FN:523,_RNCNvNtCsfWoOj3yj0zc_3ctd7analyze15detect_categorys_0B5_
FN:89,_RNCNvNtCsfWoOj3yj0zc_3ctd7analyze16count_categories0B5_
FN:92,_RNCNvNtCsfWoOj3yj0zc_3ctd7analyze16count_categoriess_0B5_
FN:411,_RNCNvNtCsfWoOj3yj0zc_3ctd7analyze19analyze_single_file0B5_
FN:414,_RNCNvNtCsfWoOj3yj0zc_3ctd7analyze19analyze_single_files0_0B5_
FN:437,_RNCNvNtCsfWoOj3yj0zc_3ctd7analyze19analyze_single_files1_0B5_
FN:413,_RNCNvNtCsfWoOj3yj0zc_3ctd7analyze19analyze_single_files_0B5_
FN:487,_RNCNvNtCsfWoOj3yj0zc_3ctd7analyze19extract_frontmatter0B5_
FN:497,_RNCNvNtCsfWoOj3yj0zc_3ctd7analyze19extract_frontmatters0_0B5_
FN:514,_RNCNvNtCsfWoOj3yj0zc_3ctd7analyze19extract_frontmatters1_0B5_
FN:467,_RNCNvNtCsfWoOj3yj0zc_3ctd7analyze20generate_untitled_id0B5_
FN:303,_RNCNvNtCsfWoOj3yj0zc_3ctd7analyze25extract_markdown_metadata0B5_
FN:309,_RNCNvNtCsfWoOj3yj0zc_3ctd7analyze25extract_markdown_metadatas_0B5_
FN:117,_RNCNCNvNtCsgDCRl3PpXZW_15doc_transformer7analyze13analyze_filess_00B7_
FN:417,_RNCNCNvNtCsgDCRl3PpXZW_15doc_transformer7analyze19analyze_single_files0_00B7_
FN:181,_RNCNCNvNtCsgDCRl3PpXZW_15doc_transformer7analyze20analyze_files_cacheds_00B7_
FN:205,_RNCNCNvNtCsgDCRl3PpXZW_15doc_transformer7analyze20analyze_files_cacheds_0s0_0B7_
FN:195,_RNCNCNvNtCsgDCRl3PpXZW_15doc_transformer7analyze20analyze_files_cacheds_0s_0B7_
FN:320,_RNCNCNvNtCsgDCRl3PpXZW_15doc_transformer7analyze25extract_markdown_metadatas_00B7_
FN:104,_RNCNvNtCsgDCRl3PpXZW_15doc_transformer7analyze13analyze_files0B5_
FN:132,_RNCNvNtCsgDCRl3PpXZW_15doc_transformer7analyze13analyze_filess0_0B5_
FN:115,_RNCNvNtCsgDCRl3PpXZW_15doc_transformer7analyze13analyze_filess_0B5_
FN:521,_RNCNvNtCsgDCRl3PpXZW_15doc_transformer7analyze15detect_category0B5_
FN:524,_RNCNvNtCsgDCRl3PpXZW_15doc_transformer7analyze15detect_categorys0_0B5_
FN:523,_RNCNvNtCsgDCRl3PpXZW_15doc_transformer7analyze15detect_categorys_0B5_
FN:89,_RNCNvNtCsgDCRl3PpXZW_15doc_transformer7analyze16count_categories0B5_
FN:92,_RNCNvNtCsgDCRl3PpXZW_15doc_transformer7analyze16count_categoriess_0B5_
FN:411,_RNCNvNtCsgDCRl3PpXZW_15doc_transformer7analyze19analyze_single_file0B5_
FN:414,_RNCNvNtCsgDCRl3PpXZW_15doc_transformer7analyze19analyze_single_files0_0B5_
FN:437,_RNCNvNtCsgDCRl3PpXZW_15doc_transformer7analyze19analyze_single_files1_0B5_
FN:413,_RNCNvNtCsgDCRl3PpXZW_15doc_transformer7analyze19analyze_single_files_0B5_
FN:487,_RNCNvNtCsgDCRl3PpXZW_15doc_transformer7analyze19extract_frontmatter0B5_
FN:497,_RNCNvNtCsgDCRl3PpXZW_15doc_transformer7analyze19extract_frontmatters0_0B5_
FN:514,_RNCNvNtCsgDCRl3PpXZW_15doc_transformer7analyze19extract_frontmatters1_0B5_
FN:164,_RNCNvNtCsgDCRl3PpXZW_15doc_transformer7analyze20analyze_files_cached0B5_
FN:215,_RNCNvNtCsgDCRl3PpXZW_15doc_transformer7analyze20analyze_files_cacheds0_0B5_
FN:216,_RNCNvNtCsgDCRl3PpXZW_15doc_transformer7analyze20analyze_files_cacheds1_0B5_
FN:230,_RNCNvNtCsgDCRl3PpXZW_15doc_transformer7analyze20analyze_files_cacheds2_0B5_
FN:231,_RNCNvNtCsgDCRl3PpXZW_15doc_transformer7analyze20analyze_files_cacheds3_0B5_
FN:242,_RNCNvNtCsgDCRl3PpXZW_15doc_transformer7analyze20analyze_files_cacheds4_0B5_
FN:176,_RNCNvNtCsgDCRl3PpXZW_15doc_transformer7analyze20analyze_files_cacheds_0B5_
FN:467,_RNCNvNtCsgDCRl3PpXZW_15doc_transformer7analyze20generate_untitled_id0B5_
FN:303,_RNCNvNtCsgDCRl3PpXZW_15doc_transformer7analyze25extract_markdown_metadata0B5_
FN:309,_RNCNvNtCsgDCRl3PpXZW_15doc_transformer7analyze25extract_markdown_metadatas_0B5_
FN:66,_RNvMNtCsgDCRl3PpXZW_15doc_transformer7analyzeNtB2_13AnalyzeResult3len
FN:72,_RNvMNtCsgDCRl3PpXZW_15doc_transformer7analyzeNtB2_13AnalyzeResult8is_empty
FN:96,_RNvNtCsgDCRl3PpXZW_15doc_transformer7analyze13analyze_files
FN:518,_RNvNtCsgDCRl3PpXZW_15doc_transformer7analyze15detect_category
FN:86,_RNvNtCsgDCRl3PpXZW_15doc_transformer7analyze16count_categories
FN:397,_RNvNtCsgDCRl3PpXZW_15doc_transformer7analyze19analyze_single_file
FN:265,_RNvNtCsgDCRl3PpXZW_15doc_transformer7analyze19compute_config_hash
FN:476,_RNvNtCsgDCRl3PpXZW_15doc_transformer7analyze19extract_frontmatter
FN:155,_RNvNtCsgDCRl3PpXZW_15doc_transformer7analyze20analyze_files_cached
FN:461,_RNvNtCsgDCRl3PpXZW_15doc_transformer7analyze20generate_untitled_id
FN:298,_RNvNtCsgDCRl3PpXZW_15doc_transformer7analyze25extract_markdown_metadata
FN:80,_RNvXs_NtCsgDCRl3PpXZW_15doc_transformer7analyzeNtB4_13AnalyzeResultNtNtNtCs4kUJL3MZFFz_4core3ops5deref5Deref5deref
FNDA:0,_RNCNCNvNtCsfWoOj3yj0zc_3ctd7analyze20analyze_files_cacheds_00B7_
FNDA:0,_RNCNCNvNtCsfWoOj3yj0zc_3ctd7analyze20analyze_files_cacheds_0s0_0B7_
FNDA:0,_RNCNCNvNtCsfWoOj3yj0zc_3ctd7analyze20analyze_files_cacheds_0s_0B7_
FNDA:0,_RNCNvNtCsfWoOj3yj0zc_3ctd7analyze20analyze_files_cached0B5_
FNDA:0,_RNCNvNtCsfWoOj3yj0zc_3ctd7analyze20analyze_files_cacheds0_0B5_
FNDA:0,_RNCNvNtCsfWoOj3yj0zc_3ctd7analyze20analyze_files_cacheds1_0B5_
FNDA:0,_RNCNvNtCsfWoOj3yj0zc_3ctd7analyze20analyze_files_cacheds2_0B5_
FNDA:0,_RNCNvNtCsfWoOj3yj0zc_3ctd7analyze20analyze_files_cacheds3_0B5_
FNDA:0,_RNCNvNtCsfWoOj3yj0zc_3ctd7analyze20analyze_files_cacheds4_0B5_
FNDA:0,_RNCNvNtCsfWoOj3yj0zc_3ctd7analyze20analyze_files_cacheds_0B5_
FNDA:0,_RNvMNtCsfWoOj3yj0zc_3ctd7analyzeNtB2_13AnalyzeResult3len
FNDA:0,_RNvMNtCsfWoOj3yj0zc_3ctd7analyzeNtB2_13AnalyzeResult8is_empty
FNDA:0,_RNvNtCsfWoOj3yj0zc_3ctd7analyze19compute_config_hash
FNDA:0,_RNvNtCsfWoOj3yj0zc_3ctd7analyze20analyze_files_cached
FNDA:0,_RNvXs_NtCsfWoOj3yj0zc_3ctd7analyzeNtB4_13AnalyzeResultNtNtNtCs4kUJL3MZFFz_4core3ops5deref5Deref5deref
FNDA:0,_RNvNtCsfWoOj3yj0zc_3ctd7analyze13analyze_files
FNDA:0,_RNvNtCsfWoOj3yj0zc_3ctd7analyze15detect_category
FNDA:0,_RNvNtCsfWoOj3yj0zc_3ctd7analyze16count_categories
FNDA:0,_RNvNtCsfWoOj3yj0zc_3ctd7analyze19analyze_single_file
FNDA:0,_RNvNtCsfWoOj3yj0zc_3ctd7analyze19extract_frontmatter
FNDA:0,_RNvNtCsfWoOj3yj0zc_3ctd7analyze20generate_untitled_id
FNDA:0,_RNvNtCsfWoOj3yj0zc_3ctd7analyze25extract_markdown_metadata
FNDA:0,_RNCNCNvNtCsfWoOj3yj0zc_3ctd7analyze13analyze_filess_00B7_
FNDA:0,_RNCNCNvNtCsfWoOj3yj0zc_3ctd7analyze19analyze_single_files0_00B7_
FNDA:0,_RNCNCNvNtCsfWoOj3yj0zc_3ctd7analyze25extract_markdown_metadatas_00B7_
FNDA:0,_RNCNvNtCsfWoOj3yj0zc_3ctd7analyze13analyze_files0B5_
FNDA:0,_RNCNvNtCsfWoOj3yj0zc_3ctd7analyze13analyze_filess0_0B5_
FNDA:0,_RNCNvNtCsfWoOj3yj0zc_3ctd7analyze13analyze_filess_0B5_
FNDA:0,_RNCNvNtCsfWoOj3yj0zc_3ctd7analyze15detect_category0B5_
FNDA:0,_RNCNvNtCsfWoOj3yj0zc_3ctd7analyze15detect_categorys0_0B5_
FNDA:0,_RNCNvNtCsfWoOj3yj0zc_3ctd7analyze15detect_categorys_0B5_
FNDA:0,_RNCNvNtCsfWoOj3yj0zc_3ctd7analyze16count_categories0B5_
FNDA:0,_RNCNvNtCsfWoOj3yj0zc_3ctd7analyze16count_categoriess_0B5_
FNDA:0,_RNCNvNtCsfWoOj3yj0zc_3ctd7analyze19analyze_single_file0B5_
FNDA:0,_RNCNvNtCsfWoOj3yj0zc_3ctd7analyze19analyze_single_files0_0B5_
FNDA:0,_RNCNvNtCsfWoOj3yj0zc_3ctd7analyze19analyze_single_files1_0B5_
FNDA:0,_RNCNvNtCsfWoOj3yj0zc_3ctd7analyze19analyze_single_files_0B5_
FNDA:0,_RNCNvNtCsfWoOj3yj0zc_3ctd7analyze19extract_frontmatter0B5_
FNDA:0,_RNCNvNtCsfWoOj3yj0zc_3ctd7analyze19extract_frontmatters0_0B5_
FNDA:0,_RNCNvNtCsfWoOj3yj0zc_3ctd7analyze19extract_frontmatters1_0B5_
FNDA:0,_RNCNvNtCsfWoOj3yj0zc_3ctd7analyze20generate_untitled_id0B5_
FNDA:0,_RNCNvNtCsfWoOj3yj0zc_3ctd7analyze25extract_markdown_metadata0B5_
FNDA:0,_RNCNvNtCsfWoOj3yj0zc_3ctd7analyze25extract_markdown_metadatas_0B5_
FNDA:0,_RNCNCNvNtCsgDCRl3PpXZW_15doc_transformer7analyze13analyze_filess_00B7_
FNDA:0,_RNCNCNvNtCsgDCRl3PpXZW_15doc_transformer7analyze19analyze_single_files0_00B7_
FNDA:0,_RNCNCNvNtCsgDCRl3PpXZW_15doc_transformer7analyze20analyze_files_cacheds_00B7_
FNDA:0,_RNCNCNvNtCsgDCRl3PpXZW_15doc_transformer7analyze20analyze_files_cacheds_0s0_0B7_
FNDA:0,_RNCNCNvNtCsgDCRl3PpXZW_15doc_transformer7analyze20analyze_files_cacheds_0s_0B7_
FNDA:0,_RNCNCNvNtCsgDCRl3PpXZW_15doc_transformer7analyze25extract_markdown_metadatas_00B7_
FNDA:0,_RNCNvNtCsgDCRl3PpXZW_15doc_transformer7analyze13analyze_files0B5_
FNDA:0,_RNCNvNtCsgDCRl3PpXZW_15doc_transformer7analyze13analyze_filess0_0B5_
FNDA:0,_RNCNvNtCsgDCRl3PpXZW_15doc_transformer7analyze13analyze_filess_0B5_
FNDA:0,_RNCNvNtCsgDCRl3PpXZW_15doc_transformer7analyze15detect_category0B5_
FNDA:0,_RNCNvNtCsgDCRl3PpXZW_15doc_transformer7analyze15detect_categorys0_0B5_
FNDA:0,_RNCNvNtCsgDCRl3PpXZW_15doc_transformer7analyze15detect_categorys_0B5_
FNDA:0,_RNCNvNtCsgDCRl3PpXZW_15doc_transformer7analyze16count_categories0B5_
FNDA:0,_RNCNvNtCsgDCRl3PpXZW_15doc_transformer7analyze16count_categoriess_0B5_
FNDA:0,_RNCNvNtCsgDCRl3PpXZW_15doc_transformer7analyze19analyze_single_file0B5_
FNDA:0,_RNCNvNtCsgDCRl3PpXZW_15doc_transformer7analyze19analyze_single_files0_0B5_
FNDA:0,_RNCNvNtCsgDCRl3PpXZW_15doc_transformer7analyze19analyze_single_files1_0B5_
FNDA:0,_RNCNvNtCsgDCRl3PpXZW_15doc_transformer7analyze19analyze_single_files_0B5_
FNDA:0,_RNCNvNtCsgDCRl3PpXZW_15doc_transformer7analyze19extract_frontmatter0B5_
FNDA:0,_RNCNvNtCsgDCRl3PpXZW_15doc_transformer7analyze19extract_frontmatters0_0B5_
FNDA:0,_RNCNvNtCsgDCRl3PpXZW_15doc_transformer7analyze19extract_frontmatters1_0B5_
FNDA:0,_RNCNvNtCsgDCRl3PpXZW_15doc_transformer7analyze20analyze_files_cached0B5_
FNDA:0,_RNCNvNtCsgDCRl3PpXZW_15doc_transformer7analyze20analyze_files_cacheds0_0B5_
FNDA:0,_RNCNvNtCsgDCRl3PpXZW_15doc_transformer7analyze20analyze_files_cacheds1_0B5_
FNDA:0,_RNCNvNtCsgDCRl3PpXZW_15doc_transformer7analyze20analyze_files_cacheds2_0B5_
FNDA:0,_RNCNvNtCsgDCRl3PpXZW_15doc_transformer7analyze20analyze_files_cacheds3_0B5_
FNDA:0,_RNCNvNtCsgDCRl3PpXZW_15doc_transformer7analyze20analyze_files_cacheds4_0B5_
FNDA:0,_RNCNvNtCsgDCRl3PpXZW_15doc_transformer7analyze20analyze_files_cacheds_0B5_
FNDA:0,_RNCNvNtCsgDCRl3PpXZW_15doc_transformer7analyze20generate_untitled_id0B5_
FNDA:0,_RNCNvNtCsgDCRl3PpXZW_15doc_transformer7analyze25extract_markdown_metadata0B5_
FNDA:0,_RNCNvNtCsgDCRl3PpXZW_15doc_transformer7analyze25extract_markdown_metadatas_0B5_
FNDA:0,_RNvMNtCsgDCRl3PpXZW_15doc_transformer7analyzeNtB2_13AnalyzeResult3len
FNDA:0,_RNvMNtCsgDCRl3PpXZW_15doc_transformer7analyzeNtB2_13AnalyzeResult8is_empty
FNDA:0,_RNvNtCsgDCRl3PpXZW_15doc_transformer7analyze13analyze_files
FNDA:0,_RNvNtCsgDCRl3PpXZW_15doc_transformer7analyze15detect_category
FNDA:0,_RNvNtCsgDCRl3PpXZW_15doc_transformer7analyze16count_categories
FNDA:0,_RNvNtCsgDCRl3PpXZW_15doc_transformer7analyze19analyze_single_file
FNDA:0,_RNvNtCsgDCRl3PpXZW_15doc_transformer7analyze19compute_config_hash
FNDA:0,_RNvNtCsgDCRl3PpXZW_15doc_transformer7analyze19extract_frontmatter
FNDA:0,_RNvNtCsgDCRl3PpXZW_15doc_transformer7analyze20analyze_files_cached
FNDA:0,_RNvNtCsgDCRl3PpXZW_15doc_transformer7analyze20generate_untitled_id
FNDA:0,_RNvNtCsgDCRl3PpXZW_15doc_transformer7analyze25extract_markdown_metadata
FNDA:0,_RNvXs_NtCsgDCRl3PpXZW_15doc_transformer7analyzeNtB4_13AnalyzeResultNtNtNtCs4kUJL3MZFFz_4core3ops5deref5Deref5deref
FNF:43
FNH:0
DA:66,0
DA:67,0
DA:68,0
DA:72,0
DA:73,0
DA:74,0
DA:80,0
DA:81,0
DA:82,0
DA:86,0
DA:87,0
DA:88,0
DA:89,0
DA:90,0
DA:91,0
DA:92,0
DA:93,0
DA:94,0
DA:96,0
DA:97,0
DA:98,0
DA:99,0
DA:100,0
DA:101,0
DA:102,0
DA:104,0
DA:105,0
DA:106,0
DA:108,0
DA:111,0
DA:113,0
DA:114,0
DA:115,0
DA:116,0
DA:117,0
DA:118,0
DA:119,0
DA:120,0
DA:121,0
DA:122,0
DA:123,0
DA:124,0
DA:126,0
DA:127,0
DA:129,0
DA:130,0
DA:131,0
DA:132,0
DA:133,0
DA:134,0
DA:135,0
DA:140,0
DA:142,0
DA:143,0
DA:144,0
DA:145,0
DA:146,0
DA:147,0
DA:155,0
DA:156,0
DA:157,0
DA:158,0
DA:159,0
DA:160,0
DA:161,0
DA:162,0
DA:164,0
DA:165,0
DA:166,0
DA:168,0
DA:171,0
DA:172,0
DA:174,0
DA:175,0
DA:176,0
DA:177,0
DA:180,0
DA:181,0
DA:182,0
DA:183,0
DA:185,0
DA:186,0
DA:187,0
DA:188,0
DA:189,0
DA:192,0
DA:193,0
DA:194,0
DA:195,0
DA:196,0
DA:197,0
DA:199,0
DA:200,0
DA:203,0
DA:204,0
DA:205,0
DA:206,0
DA:207,0
DA:210,0
DA:212,0
DA:213,0
DA:214,0
DA:215,0
DA:216,0
DA:217,0
DA:218,0
DA:219,0
DA:220,0
DA:221,0
DA:222,0
DA:224,0
DA:226,0
DA:227,0
DA:229,0
DA:230,0
DA:231,0
DA:232,0
DA:233,0
DA:234,0
DA:235,0
DA:236,0
DA:239,0
DA:240,0
DA:241,0
DA:242,0
DA:243,0
DA:244,0
DA:245,0
DA:250,0
DA:252,0
DA:253,0
DA:254,0
DA:255,0
DA:256,0
DA:257,0
DA:258,0
DA:259,0
DA:260,0
DA:265,0
DA:266,0
DA:267,0
DA:298,0
DA:299,0
DA:300,0
DA:301,0
DA:302,0
DA:303,0
DA:305,0
DA:307,0
DA:309,0
DA:310,0
DA:311,0
DA:312,0
DA:313,0
DA:314,0
DA:315,0
DA:316,0
DA:317,0
DA:318,0
DA:320,0
DA:321,0
DA:322,0
DA:323,0
DA:324,0
DA:325,0
DA:328,0
DA:329,0
DA:330,0
DA:331,0
DA:332,0
DA:333,0
DA:334,0
DA:336,0
DA:337,0
DA:338,0
DA:339,0
DA:340,0
DA:342,0
DA:344,0
DA:346,0
DA:347,0
DA:348,0
DA:349,0
DA:350,0
DA:353,0
DA:354,0
DA:355,0
DA:358,0
DA:359,0
DA:360,0
DA:363,0
DA:364,0
DA:365,0
DA:366,0
DA:368,0
DA:369,0
DA:370,0
DA:371,0
DA:372,0
DA:373,0
DA:374,0
DA:375,0
DA:376,0
DA:377,0
DA:378,0
DA:379,0
DA:380,0
DA:382,0
DA:384,0
DA:385,0
DA:387,0
DA:388,0
DA:389,0
DA:390,0
DA:391,0
DA:392,0
DA:393,0
DA:394,0
DA:395,0
DA:397,0
DA:398,0
DA:399,0
DA:400,0
DA:401,0
DA:402,0
DA:404,0
DA:405,0
DA:407,0
DA:408,0
DA:409,0
DA:410,0
DA:411,0
DA:412,0
DA:413,0
DA:414,0
DA:415,0
DA:416,0
DA:417,0
DA:418,0
DA:419,0
DA:420,0
DA:421,0
DA:422,0
DA:425,0
DA:426,0
DA:427,0
DA:428,0
DA:432,0
DA:434,0
DA:435,0
DA:436,0
DA:437,0
DA:438,0
DA:439,0
DA:441,0
DA:444,0
DA:445,0
DA:446,0
DA:447,0
DA:448,0
DA:449,0
DA:450,0
DA:451,0
DA:452,0
DA:453,0
DA:454,0
DA:455,0
DA:456,0
DA:457,0
DA:461,0
DA:463,0
DA:464,0
DA:465,0
DA:466,0
DA:467,0
DA:468,0
DA:469,0
DA:470,0
DA:472,0
DA:473,0
DA:474,0
DA:476,0
DA:477,0
DA:478,0
DA:479,0
DA:481,0
DA:483,0
DA:484,0
DA:485,0
DA:486,0
DA:487,0
DA:488,0
DA:490,0
DA:491,0
DA:494,0
DA:495,0
DA:496,0
DA:497,0
DA:498,0
DA:499,0
DA:500,0
DA:501,0
DA:502,0
DA:503,0
DA:504,0
DA:505,0
DA:506,0
DA:507,0
DA:509,0
DA:512,0
DA:513,0
DA:514,0
DA:515,0
DA:516,0
DA:518,0
DA:519,0
DA:520,0
DA:521,0
DA:522,0
DA:523,0
DA:524,0
DA:526,0
DA:528,0
DA:531,0
DA:532,0
DA:533,0
DA:534,0
DA:535,0
DA:537,0
DA:538,0
DA:539,0
DA:540,0
DA:541,0
DA:542,0
DA:543,0
DA:544,0
DA:545,0
DA:547,0
DA:548,0
DA:550,0
DA:551,0
DA:552,0
DA:553,0
DA:554,0
DA:556,0
DA:557,0
DA:559,0
DA:560,0
DA:561,0
DA:562,0
DA:563,0
DA:564,0
DA:566,0
DA:567,0
DA:569,0
DA:570,0
DA:571,0
DA:572,0
DA:573,0
DA:574,0
DA:575,0
DA:577,0
DA:578,0
DA:580,0
DA:581,0
BRF:0
BRH:0
LF:389
LH:0
end_of_record
SF:/home/lewis/src/centralized-docs/centralized-docs/src/assign.rs
FN:16,_RNvNtCsfWoOj3yj0zc_3ctd6assign10assign_ids
FN:63,_RNvNtCsfWoOj3yj0zc_3ctd6assign7slugify
FN:23,_RNCNCNvNtCsfWoOj3yj0zc_3ctd6assign10assign_ids00B7_
FN:27,_RNCNCNvNtCsfWoOj3yj0zc_3ctd6assign10assign_ids0s0_0B7_
FN:29,_RNCNCNvNtCsfWoOj3yj0zc_3ctd6assign10assign_ids0s1_0B7_
FN:30,_RNCNCNvNtCsfWoOj3yj0zc_3ctd6assign10assign_ids0s2_0B7_
FN:23,_RNCNCNvNtCsfWoOj3yj0zc_3ctd6assign10assign_ids0s_0B7_
FN:19,_RNCNvNtCsfWoOj3yj0zc_3ctd6assign10assign_ids0B5_
FN:16,_RNvNtCsgDCRl3PpXZW_15doc_transformer6assign10assign_ids
FN:63,_RNvNtCsgDCRl3PpXZW_15doc_transformer6assign7slugify
FN:23,_RNCNCNvNtCsgDCRl3PpXZW_15doc_transformer6assign10assign_ids00B7_
FN:27,_RNCNCNvNtCsgDCRl3PpXZW_15doc_transformer6assign10assign_ids0s0_0B7_
FN:29,_RNCNCNvNtCsgDCRl3PpXZW_15doc_transformer6assign10assign_ids0s1_0B7_
FN:30,_RNCNCNvNtCsgDCRl3PpXZW_15doc_transformer6assign10assign_ids0s2_0B7_
FN:23,_RNCNCNvNtCsgDCRl3PpXZW_15doc_transformer6assign10assign_ids0s_0B7_
FN:19,_RNCNvNtCsgDCRl3PpXZW_15doc_transformer6assign10assign_ids0B5_
FNDA:0,_RNvNtCsfWoOj3yj0zc_3ctd6assign10assign_ids
FNDA:0,_RNvNtCsfWoOj3yj0zc_3ctd6assign7slugify
FNDA:0,_RNCNCNvNtCsfWoOj3yj0zc_3ctd6assign10assign_ids00B7_
FNDA:0,_RNCNCNvNtCsfWoOj3yj0zc_3ctd6assign10assign_ids0s0_0B7_
FNDA:0,_RNCNCNvNtCsfWoOj3yj0zc_3ctd6assign10assign_ids0s1_0B7_
FNDA:0,_RNCNCNvNtCsfWoOj3yj0zc_3ctd6assign10assign_ids0s2_0B7_
FNDA:0,_RNCNCNvNtCsfWoOj3yj0zc_3ctd6assign10assign_ids0s_0B7_
FNDA:0,_RNCNvNtCsfWoOj3yj0zc_3ctd6assign10assign_ids0B5_
FNDA:0,_RNvNtCsgDCRl3PpXZW_15doc_transformer6assign10assign_ids
FNDA:0,_RNvNtCsgDCRl3PpXZW_15doc_transformer6assign7slugify
FNDA:0,_RNCNCNvNtCsgDCRl3PpXZW_15doc_transformer6assign10assign_ids00B7_
FNDA:0,_RNCNCNvNtCsgDCRl3PpXZW_15doc_transformer6assign10assign_ids0s0_0B7_
FNDA:0,_RNCNCNvNtCsgDCRl3PpXZW_15doc_transformer6assign10assign_ids0s1_0B7_
FNDA:0,_RNCNCNvNtCsgDCRl3PpXZW_15doc_transformer6assign10assign_ids0s2_0B7_
FNDA:0,_RNCNCNvNtCsgDCRl3PpXZW_15doc_transformer6assign10assign_ids0s_0B7_
FNDA:0,_RNCNvNtCsgDCRl3PpXZW_15doc_transformer6assign10assign_ids0B5_
FNF:8
FNH:0
DA:16,0
DA:17,0
DA:18,0
DA:19,0
DA:20,0
DA:21,0
DA:22,0
DA:23,0
DA:25,0
DA:26,0
DA:27,0
DA:28,0
DA:29,0
DA:30,0
DA:33,0
DA:34,0
DA:35,0
DA:36,0
DA:38,0
DA:39,0
DA:41,0
DA:44,0
DA:45,0
DA:47,0
DA:48,0
DA:49,0
DA:50,0
DA:51,0
DA:52,0
DA:53,0
DA:54,0
DA:55,0
DA:56,0
DA:57,0
DA:59,0
DA:60,0
DA:63,0
DA:64,0
DA:65,0
BRF:0
BRH:0
LF:43
LH:0
end_of_record
SF:/home/lewis/src/centralized-docs/centralized-docs/src/bin/ctd_mcp.rs
FN:11,_RNvCsb88SrpHiFa3_7ctd_mcp4main
FN:14,_RNCNCNvCsb88SrpHiFa3_7ctd_mcp4main00B5_
FN:11,_RNCNvCsb88SrpHiFa3_7ctd_mcp4main0B3_
FNDA:0,_RNvCsb88SrpHiFa3_7ctd_mcp4main
FNDA:0,_RNCNCNvCsb88SrpHiFa3_7ctd_mcp4main00B5_
FNDA:0,_RNCNvCsb88SrpHiFa3_7ctd_mcp4main0B3_
FNF:3
FNH:0
DA:11,0
DA:12,0
DA:14,0
DA:15,0
DA:22,0
DA:24,0
DA:25,0
BRF:0
BRH:0
LF:11
LH:0
end_of_record
SF:/home/lewis/src/centralized-docs/centralized-docs/src/bin/llms_txt_validator.rs
FN:69,_RNCNvMCsjJTEIls0sQx_18llms_txt_validatorNtB4_16ValidationResult10has_errors0B4_
FN:68,_RNvMCsjJTEIls0sQx_18llms_txt_validatorNtB2_16ValidationResult10has_errors
FN:510,_RNCNCNCNvCsjJTEIls0sQx_18llms_txt_validator19validate_index_jsonsc_000B7_
FN:325,_RNCNCNvCsjJTEIls0sQx_18llms_txt_validator17validate_llms_txts5_00B5_
FN:327,_RNCNCNvCsjJTEIls0sQx_18llms_txt_validator17validate_llms_txts5_0s0_0B5_
FN:326,_RNCNCNvCsjJTEIls0sQx_18llms_txt_validator17validate_llms_txts5_0s_0B5_
FN:419,_RNCNCNvCsjJTEIls0sQx_18llms_txt_validator19validate_index_jsons3_00B5_
FN:437,_RNCNCNvCsjJTEIls0sQx_18llms_txt_validator19validate_index_jsons5_00B5_
FN:444,_RNCNCNvCsjJTEIls0sQx_18llms_txt_validator19validate_index_jsons5_0s_0B5_
FN:470,_RNCNCNvCsjJTEIls0sQx_18llms_txt_validator19validate_index_jsons6_00B5_
FN:476,_RNCNCNvCsjJTEIls0sQx_18llms_txt_validator19validate_index_jsons8_00B5_
FN:508,_RNCNCNvCsjJTEIls0sQx_18llms_txt_validator19validate_index_jsonsc_00B5_
FN:191,_RNCNCNvCsjJTEIls0sQx_18llms_txt_validator25validate_links_in_content00B5_
FN:559,_RNCNvCsjJTEIls0sQx_18llms_txt_validator13print_results0B3_
FN:569,_RNCNvCsjJTEIls0sQx_18llms_txt_validator13print_resultss0_0B3_
FN:574,_RNCNvCsjJTEIls0sQx_18llms_txt_validator13print_resultss1_0B3_
FN:564,_RNCNvCsjJTEIls0sQx_18llms_txt_validator13print_resultss_0B3_
FN:263,_RNCNvCsjJTEIls0sQx_18llms_txt_validator17validate_llms_txt0B3_
FN:277,_RNCNvCsjJTEIls0sQx_18llms_txt_validator17validate_llms_txts0_0B3_
FN:297,_RNCNvCsjJTEIls0sQx_18llms_txt_validator17validate_llms_txts1_0B3_
FN:298,_RNCNvCsjJTEIls0sQx_18llms_txt_validator17validate_llms_txts2_0B3_
FN:301,_RNCNvCsjJTEIls0sQx_18llms_txt_validator17validate_llms_txts3_0B3_
FN:302,_RNCNvCsjJTEIls0sQx_18llms_txt_validator17validate_llms_txts4_0B3_
FN:323,_RNCNvCsjJTEIls0sQx_18llms_txt_validator17validate_llms_txts5_0B3_
FN:276,_RNCNvCsjJTEIls0sQx_18llms_txt_validator17validate_llms_txts_0B3_
FN:79,_RNCNvCsjJTEIls0sQx_18llms_txt_validator17validation_result0B3_
FN:362,_RNCNvCsjJTEIls0sQx_18llms_txt_validator19validate_index_json0B3_
FN:383,_RNCNvCsjJTEIls0sQx_18llms_txt_validator19validate_index_jsons0_0B3_
FN:390,_RNCNvCsjJTEIls0sQx_18llms_txt_validator19validate_index_jsons1_0B3_
FN:418,_RNCNvCsjJTEIls0sQx_18llms_txt_validator19validate_index_jsons2_0B3_
FN:419,_RNCNvCsjJTEIls0sQx_18llms_txt_validator19validate_index_jsons3_0B3_
FN:424,_RNCNvCsjJTEIls0sQx_18llms_txt_validator19validate_index_jsons4_0B3_
FN:435,_RNCNvCsjJTEIls0sQx_18llms_txt_validator19validate_index_jsons5_0B3_
FN:470,_RNCNvCsjJTEIls0sQx_18llms_txt_validator19validate_index_jsons6_0B3_
FN:475,_RNCNvCsjJTEIls0sQx_18llms_txt_validator19validate_index_jsons7_0B3_
FN:476,_RNCNvCsjJTEIls0sQx_18llms_txt_validator19validate_index_jsons8_0B3_
FN:481,_RNCNvCsjJTEIls0sQx_18llms_txt_validator19validate_index_jsons9_0B3_
FN:376,_RNCNvCsjJTEIls0sQx_18llms_txt_validator19validate_index_jsons_0B3_
FN:492,_RNCNvCsjJTEIls0sQx_18llms_txt_validator19validate_index_jsonsa_0B3_
FN:493,_RNCNvCsjJTEIls0sQx_18llms_txt_validator19validate_index_jsonsb_0B3_
FN:507,_RNCNvCsjJTEIls0sQx_18llms_txt_validator19validate_index_jsonsc_0B3_
FN:524,_RNCNvCsjJTEIls0sQx_18llms_txt_validator19validate_index_jsonsd_0B3_
FN:191,_RNCNvCsjJTEIls0sQx_18llms_txt_validator25validate_links_in_content0B3_
FN:630,_RNCNvCsjJTEIls0sQx_18llms_txt_validator4mains0_0B3_
FN:625,_RNCNvCsjJTEIls0sQx_18llms_txt_validator4mains_0B3_
FN:74,_RNCNvMCsjJTEIls0sQx_18llms_txt_validatorNtB4_16ValidationResult12has_warnings0B4_
FN:602,_RNvCsjJTEIls0sQx_18llms_txt_validator11print_usage
FN:547,_RNvCsjJTEIls0sQx_18llms_txt_validator13print_results
FN:253,_RNvCsjJTEIls0sQx_18llms_txt_validator17validate_llms_txt
FN:78,_RNvCsjJTEIls0sQx_18llms_txt_validator17validation_result
FN:352,_RNvCsjJTEIls0sQx_18llms_txt_validator19validate_index_json
FN:96,_RNvCsjJTEIls0sQx_18llms_txt_validator19validate_single_url
FN:248,_RNvCsjJTEIls0sQx_18llms_txt_validator20validate_chunk_paths
FN:177,_RNvCsjJTEIls0sQx_18llms_txt_validator25validate_links_in_content
FN:617,_RNvCsjJTEIls0sQx_18llms_txt_validator4main
FN:83,_RNvCsjJTEIls0sQx_18llms_txt_validator5error
FN:73,_RNvMCsjJTEIls0sQx_18llms_txt_validatorNtB2_16ValidationResult12has_warnings
FNDA:0,_RNCNvMCsjJTEIls0sQx_18llms_txt_validatorNtB4_16ValidationResult10has_errors0B4_
FNDA:0,_RNvMCsjJTEIls0sQx_18llms_txt_validatorNtB2_16ValidationResult10has_errors
FNDA:0,_RNCNCNCNvCsjJTEIls0sQx_18llms_txt_validator19validate_index_jsonsc_000B7_
FNDA:0,_RNCNCNvCsjJTEIls0sQx_18llms_txt_validator17validate_llms_txts5_00B5_
FNDA:0,_RNCNCNvCsjJTEIls0sQx_18llms_txt_validator17validate_llms_txts5_0s0_0B5_
FNDA:0,_RNCNCNvCsjJTEIls0sQx_18llms_txt_validator17validate_llms_txts5_0s_0B5_
FNDA:0,_RNCNCNvCsjJTEIls0sQx_18llms_txt_validator19validate_index_jsons3_00B5_
FNDA:0,_RNCNCNvCsjJTEIls0sQx_18llms_txt_validator19validate_index_jsons5_00B5_
FNDA:0,_RNCNCNvCsjJTEIls0sQx_18llms_txt_validator19validate_index_jsons5_0s_0B5_
FNDA:0,_RNCNCNvCsjJTEIls0sQx_18llms_txt_validator19validate_index_jsons6_00B5_
FNDA:0,_RNCNCNvCsjJTEIls0sQx_18llms_txt_validator19validate_index_jsons8_00B5_
FNDA:0,_RNCNCNvCsjJTEIls0sQx_18llms_txt_validator19validate_index_jsonsc_00B5_
FNDA:0,_RNCNCNvCsjJTEIls0sQx_18llms_txt_validator25validate_links_in_content00B5_
FNDA:0,_RNCNvCsjJTEIls0sQx_18llms_txt_validator13print_results0B3_
FNDA:0,_RNCNvCsjJTEIls0sQx_18llms_txt_validator13print_resultss0_0B3_
FNDA:0,_RNCNvCsjJTEIls0sQx_18llms_txt_validator13print_resultss1_0B3_
FNDA:0,_RNCNvCsjJTEIls0sQx_18llms_txt_validator13print_resultss_0B3_
FNDA:0,_RNCNvCsjJTEIls0sQx_18llms_txt_validator17validate_llms_txt0B3_
FNDA:0,_RNCNvCsjJTEIls0sQx_18llms_txt_validator17validate_llms_txts0_0B3_
FNDA:0,_RNCNvCsjJTEIls0sQx_18llms_txt_validator17validate_llms_txts1_0B3_
FNDA:0,_RNCNvCsjJTEIls0sQx_18llms_txt_validator17validate_llms_txts2_0B3_
FNDA:0,_RNCNvCsjJTEIls0sQx_18llms_txt_validator17validate_llms_txts3_0B3_
FNDA:0,_RNCNvCsjJTEIls0sQx_18llms_txt_validator17validate_llms_txts4_0B3_
FNDA:0,_RNCNvCsjJTEIls0sQx_18llms_txt_validator17validate_llms_txts5_0B3_
FNDA:0,_RNCNvCsjJTEIls0sQx_18llms_txt_validator17validate_llms_txts_0B3_
FNDA:0,_RNCNvCsjJTEIls0sQx_18llms_txt_validator17validation_result0B3_
FNDA:0,_RNCNvCsjJTEIls0sQx_18llms_txt_validator19validate_index_json0B3_
FNDA:0,_RNCNvCsjJTEIls0sQx_18llms_txt_validator19validate_index_jsons0_0B3_
FNDA:0,_RNCNvCsjJTEIls0sQx_18llms_txt_validator19validate_index_jsons1_0B3_
FNDA:0,_RNCNvCsjJTEIls0sQx_18llms_txt_validator19validate_index_jsons2_0B3_
FNDA:0,_RNCNvCsjJTEIls0sQx_18llms_txt_validator19validate_index_jsons3_0B3_
FNDA:0,_RNCNvCsjJTEIls0sQx_18llms_txt_validator19validate_index_jsons4_0B3_
FNDA:0,_RNCNvCsjJTEIls0sQx_18llms_txt_validator19validate_index_jsons5_0B3_
FNDA:0,_RNCNvCsjJTEIls0sQx_18llms_txt_validator19validate_index_jsons6_0B3_
FNDA:0,_RNCNvCsjJTEIls0sQx_18llms_txt_validator19validate_index_jsons7_0B3_
FNDA:0,_RNCNvCsjJTEIls0sQx_18llms_txt_validator19validate_index_jsons8_0B3_
FNDA:0,_RNCNvCsjJTEIls0sQx_18llms_txt_validator19validate_index_jsons9_0B3_
FNDA:0,_RNCNvCsjJTEIls0sQx_18llms_txt_validator19validate_index_jsons_0B3_
FNDA:0,_RNCNvCsjJTEIls0sQx_18llms_txt_validator19validate_index_jsonsa_0B3_
FNDA:0,_RNCNvCsjJTEIls0sQx_18llms_txt_validator19validate_index_jsonsb_0B3_
FNDA:0,_RNCNvCsjJTEIls0sQx_18llms_txt_validator19validate_index_jsonsc_0B3_
FNDA:0,_RNCNvCsjJTEIls0sQx_18llms_txt_validator19validate_index_jsonsd_0B3_
FNDA:0,_RNCNvCsjJTEIls0sQx_18llms_txt_validator25validate_links_in_content0B3_
FNDA:0,_RNCNvCsjJTEIls0sQx_18llms_txt_validator4mains0_0B3_
FNDA:0,_RNCNvCsjJTEIls0sQx_18llms_txt_validator4mains_0B3_
FNDA:0,_RNCNvMCsjJTEIls0sQx_18llms_txt_validatorNtB4_16ValidationResult12has_warnings0B4_
FNDA:0,_RNvCsjJTEIls0sQx_18llms_txt_validator11print_usage
FNDA:0,_RNvCsjJTEIls0sQx_18llms_txt_validator13print_results
FNDA:0,_RNvCsjJTEIls0sQx_18llms_txt_validator17validate_llms_txt
FNDA:0,_RNvCsjJTEIls0sQx_18llms_txt_validator17validation_result
FNDA:0,_RNvCsjJTEIls0sQx_18llms_txt_validator19validate_index_json
FNDA:0,_RNvCsjJTEIls0sQx_18llms_txt_validator19validate_single_url
FNDA:0,_RNvCsjJTEIls0sQx_18llms_txt_validator20validate_chunk_paths
FNDA:0,_RNvCsjJTEIls0sQx_18llms_txt_validator25validate_links_in_content
FNDA:0,_RNvCsjJTEIls0sQx_18llms_txt_validator4main
FNDA:0,_RNvCsjJTEIls0sQx_18llms_txt_validator5error
FNDA:0,_RNvMCsjJTEIls0sQx_18llms_txt_validatorNtB2_16ValidationResult12has_warnings
FNF:57
FNH:0
DA:68,0
DA:69,0
DA:70,0
DA:73,0
DA:74,0
DA:75,0
DA:78,0
DA:79,0
DA:80,0
DA:81,0
DA:83,0
DA:84,0
DA:85,0
DA:86,0
DA:87,0
DA:88,0
DA:89,0
DA:96,0
DA:97,0
DA:98,0
DA:99,0
DA:100,0
DA:101,0
DA:102,0
DA:104,0
DA:105,0
DA:106,0
DA:107,0
DA:108,0
DA:109,0
DA:110,0
DA:111,0
DA:112,0
DA:113,0
DA:114,0
DA:115,0
DA:116,0
DA:118,0
DA:119,0
DA:120,0
DA:121,0
DA:122,0
DA:123,0
DA:124,0
DA:125,0
DA:126,0
DA:127,0
DA:128,0
DA:129,0
DA:130,0
DA:131,0
DA:132,0
DA:133,0
DA:135,0
DA:136,0
DA:137,0
DA:138,0
DA:139,0
DA:140,0
DA:142,0
DA:143,0
DA:144,0
DA:145,0
DA:146,0
DA:147,0
DA:148,0
DA:149,0
DA:150,0
DA:151,0
DA:152,0
DA:153,0
DA:154,0
DA:155,0
DA:156,0
DA:157,0
DA:159,0
DA:160,0
DA:161,0
DA:162,0
DA:163,0
DA:164,0
DA:165,0
DA:166,0
DA:167,0
DA:168,0
DA:170,0
DA:171,0
DA:172,0
DA:173,0
DA:174,0
DA:177,0
DA:178,0
DA:179,0
DA:181,0
DA:182,0
DA:183,0
DA:184,0
DA:189,0
DA:190,0
DA:191,0
DA:192,0
DA:193,0
DA:195,0
DA:196,0
DA:198,0
DA:199,0
DA:201,0
DA:202,0
DA:203,0
DA:204,0
DA:205,0
DA:206,0
DA:207,0
DA:210,0
DA:213,0
DA:214,0
DA:248,0
DA:249,0
DA:250,0
DA:253,0
DA:254,0
DA:255,0
DA:256,0
DA:257,0
DA:258,0
DA:259,0
DA:260,0
DA:262,0
DA:263,0
DA:265,0
DA:266,0
DA:267,0
DA:268,0
DA:269,0
DA:270,0
DA:271,0
DA:273,0
DA:274,0
DA:275,0
DA:276,0
DA:277,0
DA:278,0
DA:279,0
DA:280,0
DA:281,0
DA:283,0
DA:284,0
DA:286,0
DA:287,0
DA:289,0
DA:290,0
DA:291,0
DA:292,0
DA:296,0
DA:297,0
DA:298,0
DA:300,0
DA:301,0
DA:302,0
DA:304,0
DA:305,0
DA:306,0
DA:308,0
DA:309,0
DA:310,0
DA:311,0
DA:312,0
DA:313,0
DA:316,0
DA:319,0
DA:321,0
DA:322,0
DA:323,0
DA:324,0
DA:325,0
DA:326,0
DA:327,0
DA:328,0
DA:329,0
DA:330,0
DA:331,0
DA:333,0
DA:334,0
DA:335,0
DA:336,0
DA:337,0
DA:339,0
DA:340,0
DA:341,0
DA:342,0
DA:343,0
DA:344,0
DA:345,0
DA:346,0
DA:348,0
DA:349,0
DA:352,0
DA:353,0
DA:354,0
DA:355,0
DA:356,0
DA:357,0
DA:358,0
DA:359,0
DA:361,0
DA:362,0
DA:364,0
DA:365,0
DA:366,0
DA:367,0
DA:368,0
DA:369,0
DA:370,0
DA:371,0
DA:375,0
DA:376,0
DA:377,0
DA:378,0
DA:379,0
DA:380,0
DA:382,0
DA:383,0
DA:384,0
DA:385,0
DA:386,0
DA:387,0
DA:389,0
DA:390,0
DA:391,0
DA:392,0
DA:393,0
DA:394,0
DA:396,0
DA:398,0
DA:399,0
DA:400,0
DA:402,0
DA:403,0
DA:404,0
DA:405,0
DA:406,0
DA:408,0
DA:409,0
DA:410,0
DA:411,0
DA:412,0
DA:415,0
DA:416,0
DA:417,0
DA:418,0
DA:419,0
DA:420,0
DA:422,0
DA:423,0
DA:424,0
DA:425,0
DA:426,0
DA:427,0
DA:428,0
DA:430,0
DA:431,0
DA:433,0
DA:434,0
DA:435,0
DA:437,0
DA:438,0
DA:439,0
DA:440,0
DA:441,0
DA:443,0
DA:444,0
DA:445,0
DA:446,0
DA:447,0
DA:448,0
DA:450,0
DA:452,0
DA:453,0
DA:454,0
DA:455,0
DA:457,0
DA:461,0
DA:462,0
DA:463,0
DA:464,0
DA:466,0
DA:467,0
DA:468,0
DA:469,0
DA:470,0
DA:471,0
DA:473,0
DA:474,0
DA:475,0
DA:476,0
DA:477,0
DA:479,0
DA:480,0
DA:481,0
DA:482,0
DA:483,0
DA:484,0
DA:485,0
DA:487,0
DA:488,0
DA:490,0
DA:491,0
DA:492,0
DA:493,0
DA:494,0
DA:495,0
DA:496,0
DA:497,0
DA:498,0
DA:499,0
DA:500,0
DA:502,0
DA:503,0
DA:505,0
DA:506,0
DA:507,0
DA:508,0
DA:509,0
DA:510,0
DA:511,0
DA:512,0
DA:513,0
DA:514,0
DA:516,0
DA:518,0
DA:519,0
DA:520,0
DA:522,0
DA:523,0
DA:524,0
DA:525,0
DA:527,0
DA:528,0
DA:529,0
DA:530,0
DA:531,0
DA:532,0
DA:536,0
DA:537,0
DA:538,0
DA:539,0
DA:540,0
DA:542,0
DA:543,0
DA:547,0
DA:548,0
DA:549,0
DA:551,0
DA:552,0
DA:553,0
DA:554,0
DA:556,0
DA:557,0
DA:558,0
DA:559,0
DA:560,0
DA:561,0
DA:562,0
DA:563,0
DA:564,0
DA:565,0
DA:566,0
DA:567,0
DA:568,0
DA:569,0
DA:570,0
DA:572,0
DA:574,0
DA:575,0
DA:576,0
DA:577,0
DA:578,0
DA:580,0
DA:581,0
DA:582,0
DA:583,0
DA:585,0
DA:586,0
DA:587,0
DA:589,0
DA:591,0
DA:592,0
DA:593,0
DA:594,0
DA:595,0
DA:596,0
DA:597,0
DA:599,0
DA:600,0
DA:602,0
DA:603,0
DA:607,0
DA:608,0
DA:609,0
DA:610,0
DA:611,0
DA:612,0
DA:613,0
DA:614,0
DA:615,0
DA:617,0
DA:618,0
DA:619,0
DA:620,0
DA:621,0
DA:622,0
DA:625,0
DA:626,0
DA:627,0
DA:628,0
DA:630,0
DA:631,0
DA:632,0
DA:633,0
DA:635,0
DA:636,0
DA:637,0
DA:638,0
DA:640,0
DA:641,0
DA:642,0
DA:643,0
DA:644,0
DA:645,0
DA:647,0
DA:651,0
DA:652,0
DA:653,0
DA:654,0
DA:656,0
DA:658,0
DA:659,0
DA:660,0
DA:662,0
DA:663,0
DA:667,0
DA:668,0
DA:669,0
DA:670,0
DA:672,0
DA:673,0
DA:677,0
DA:680,0
DA:684,0
DA:685,0
DA:686,0
DA:688,0
DA:689,0
BRF:0
BRH:0
LF:497
LH:0
end_of_record
SF:/home/lewis/src/centralized-docs/centralized-docs/src/cache/mod.rs
FN:532,_RINvMs7_NtCsgDCRl3PpXZW_15doc_transformer5cacheNtB6_8DocCache12get_snapshotNtNtB8_5watch8SnapshotECsfWoOj3yj0zc_3ctd
FN:543,_RINvMs7_NtCsgDCRl3PpXZW_15doc_transformer5cacheNtB6_8DocCache12put_snapshotNtNtB8_5watch8SnapshotECsfWoOj3yj0zc_3ctd
FN:312,_RINvNtCsgDCRl3PpXZW_15doc_transformer5cache10put_to_lruNtNtB4_5watch8SnapshotECsfWoOj3yj0zc_3ctd
FN:325,_RINvNtCsgDCRl3PpXZW_15doc_transformer5cache11read_cachedNtNtB4_5watch8SnapshotECsfWoOj3yj0zc_3ctd
FN:299,_RINvNtCsgDCRl3PpXZW_15doc_transformer5cache12get_from_lruNtNtB4_5watch8SnapshotECsfWoOj3yj0zc_3ctd
FN:347,_RINvNtCsgDCRl3PpXZW_15doc_transformer5cache12write_cachedNtNtB4_5watch8SnapshotECsfWoOj3yj0zc_3ctd
FN:334,_RNCINvNtCsgDCRl3PpXZW_15doc_transformer5cache11read_cachedNtNtB6_5watch8SnapshotE0CsfWoOj3yj0zc_3ctd
FN:512,_RINvMs7_NtCsfWoOj3yj0zc_3ctd5cacheNtB6_8DocCache10get_scrapepEB8_
FN:517,_RINvMs7_NtCsfWoOj3yj0zc_3ctd5cacheNtB6_8DocCache10put_scrapepEB8_
FN:502,_RINvMs7_NtCsfWoOj3yj0zc_3ctd5cacheNtB6_8DocCache12get_documentpEB8_
FN:532,_RINvMs7_NtCsfWoOj3yj0zc_3ctd5cacheNtB6_8DocCache12get_snapshotpEB8_
FN:507,_RINvMs7_NtCsfWoOj3yj0zc_3ctd5cacheNtB6_8DocCache12put_documentpEB8_
FN:543,_RINvMs7_NtCsfWoOj3yj0zc_3ctd5cacheNtB6_8DocCache12put_snapshotpEB8_
FN:522,_RINvMs7_NtCsfWoOj3yj0zc_3ctd5cacheNtB6_8DocCache13get_transformpEB8_
FN:527,_RINvMs7_NtCsfWoOj3yj0zc_3ctd5cacheNtB6_8DocCache13put_transformpEB8_
FN:484,_RINvMs7_NtCsfWoOj3yj0zc_3ctd5cacheNtB6_8DocCache14get_or_computeppEB8_
FN:454,_RINvMs7_NtCsfWoOj3yj0zc_3ctd5cacheNtB6_8DocCache3getpEB8_
FN:468,_RINvMs7_NtCsfWoOj3yj0zc_3ctd5cacheNtB6_8DocCache3putpEB8_
FN:312,_RINvNtCsfWoOj3yj0zc_3ctd5cache10put_to_lrupEB4_
FN:325,_RINvNtCsfWoOj3yj0zc_3ctd5cache11read_cachedpEB4_
FN:299,_RINvNtCsfWoOj3yj0zc_3ctd5cache12get_from_lrupEB4_
FN:347,_RINvNtCsfWoOj3yj0zc_3ctd5cache12write_cachedpEB4_
FN:334,_RNCINvNtCsfWoOj3yj0zc_3ctd5cache11read_cachedpE0B6_
FN:367,_RNCNvNtCsfWoOj3yj0zc_3ctd5cache9table_len0B5_
FN:140,_RNvMs4_NtCsfWoOj3yj0zc_3ctd5cacheNtB5_12EnabledTypes10is_enabled
FN:136,_RNvMs4_NtCsfWoOj3yj0zc_3ctd5cacheNtB5_12EnabledTypes3all
FN:169,_RNvMs5_NtCsfWoOj3yj0zc_3ctd5cacheNtB5_11CacheConfig3new
FN:192,_RNvMs5_NtCsfWoOj3yj0zc_3ctd5cacheNtB5_11CacheConfig6enable
FN:186,_RNvMs5_NtCsfWoOj3yj0zc_3ctd5cacheNtB5_11CacheConfig7disable
FN:178,_RNvMs5_NtCsfWoOj3yj0zc_3ctd5cacheNtB5_11CacheConfig9in_memory
FN:431,_RNvMs7_NtCsfWoOj3yj0zc_3ctd5cacheNtB5_8DocCache17initialize_tables
FN:410,_RNvMs7_NtCsfWoOj3yj0zc_3ctd5cacheNtB5_8DocCache4open
FN:584,_RNvMs7_NtCsfWoOj3yj0zc_3ctd5cacheNtB5_8DocCache5stats
FN:560,_RNvMs7_NtCsfWoOj3yj0zc_3ctd5cacheNtB5_8DocCache9clear_all
FN:72,_RNvMs_NtCsfWoOj3yj0zc_3ctd5cacheNtB4_11ContentHash7compute
FN:84,_RNvMs_NtCsfWoOj3yj0zc_3ctd5cacheNtB4_11ContentHash8as_bytes
FN:240,_RNvNtCsfWoOj3yj0zc_3ctd5cache12content_hash
FN:260,_RNvNtCsfWoOj3yj0zc_3ctd5cache14composite_hash
FN:373,_RNvNtCsfWoOj3yj0zc_3ctd5cache14table_for_type
FN:277,_RNvNtCsfWoOj3yj0zc_3ctd5cache17validate_key_size
FN:288,_RNvNtCsfWoOj3yj0zc_3ctd5cache19validate_value_size
FN:246,_RNvNtCsfWoOj3yj0zc_3ctd5cache8url_hash
FN:252,_RNvNtCsfWoOj3yj0zc_3ctd5cache9path_hash
FN:362,_RNvNtCsfWoOj3yj0zc_3ctd5cache9table_len
FN:53,_RNvXNtCsfWoOj3yj0zc_3ctd5cacheNtB2_17CacheBackendInnerNtNtCs4kUJL3MZFFz_4core3fmt5Debug3fmt
FN:90,_RNvXs0_NtCsfWoOj3yj0zc_3ctd5cacheNtB5_11ContentHashNtNtCs4kUJL3MZFFz_4core3fmt7Display3fmt
FN:99,_RNvXs1_NtCsfWoOj3yj0zc_3ctd5cacheNtB5_11ContentHashINtNtCs4kUJL3MZFFz_4core7convert5AsRefShE6as_ref
FN:105,_RNvXs2_NtCsfWoOj3yj0zc_3ctd5cacheNtB5_11ContentHashINtNtCs4kUJL3MZFFz_4core7convert4FromAhj20_E4from
FN:111,_RNvXs3_NtCsfWoOj3yj0zc_3ctd5cacheAhj20_INtNtCs4kUJL3MZFFz_4core7convert4FromNtB5_11ContentHashE4from
FN:199,_RNvXs6_NtCsfWoOj3yj0zc_3ctd5cacheNtB5_11CacheConfigNtNtCs4kUJL3MZFFz_4core7default7Default7default
FN:512,_RINvMs7_NtCsgDCRl3PpXZW_15doc_transformer5cacheNtB6_8DocCache10get_scrapepEB8_
FN:517,_RINvMs7_NtCsgDCRl3PpXZW_15doc_transformer5cacheNtB6_8DocCache10put_scrapepEB8_
FN:502,_RINvMs7_NtCsgDCRl3PpXZW_15doc_transformer5cacheNtB6_8DocCache12get_documentpEB8_
FN:532,_RINvMs7_NtCsgDCRl3PpXZW_15doc_transformer5cacheNtB6_8DocCache12get_snapshotpEB8_
FN:507,_RINvMs7_NtCsgDCRl3PpXZW_15doc_transformer5cacheNtB6_8DocCache12put_documentpEB8_
FN:543,_RINvMs7_NtCsgDCRl3PpXZW_15doc_transformer5cacheNtB6_8DocCache12put_snapshotpEB8_
FN:522,_RINvMs7_NtCsgDCRl3PpXZW_15doc_transformer5cacheNtB6_8DocCache13get_transformpEB8_
FN:527,_RINvMs7_NtCsgDCRl3PpXZW_15doc_transformer5cacheNtB6_8DocCache13put_transformpEB8_
FN:484,_RINvMs7_NtCsgDCRl3PpXZW_15doc_transformer5cacheNtB6_8DocCache14get_or_computeppEB8_
FN:140,_RNvMs4_NtCsgDCRl3PpXZW_15doc_transformer5cacheNtB5_12EnabledTypes10is_enabled
FN:136,_RNvMs4_NtCsgDCRl3PpXZW_15doc_transformer5cacheNtB5_12EnabledTypes3all
FN:169,_RNvMs5_NtCsgDCRl3PpXZW_15doc_transformer5cacheNtB5_11CacheConfig3new
FN:192,_RNvMs5_NtCsgDCRl3PpXZW_15doc_transformer5cacheNtB5_11CacheConfig6enable
FN:186,_RNvMs5_NtCsgDCRl3PpXZW_15doc_transformer5cacheNtB5_11CacheConfig7disable
FN:178,_RNvMs5_NtCsgDCRl3PpXZW_15doc_transformer5cacheNtB5_11CacheConfig9in_memory
FN:431,_RNvMs7_NtCsgDCRl3PpXZW_15doc_transformer5cacheNtB5_8DocCache17initialize_tables
FN:410,_RNvMs7_NtCsgDCRl3PpXZW_15doc_transformer5cacheNtB5_8DocCache4open
FN:584,_RNvMs7_NtCsgDCRl3PpXZW_15doc_transformer5cacheNtB5_8DocCache5stats
FN:560,_RNvMs7_NtCsgDCRl3PpXZW_15doc_transformer5cacheNtB5_8DocCache9clear_all
FN:72,_RNvMs_NtCsgDCRl3PpXZW_15doc_transformer5cacheNtB4_11ContentHash7compute
FN:84,_RNvMs_NtCsgDCRl3PpXZW_15doc_transformer5cacheNtB4_11ContentHash8as_bytes
FN:240,_RNvNtCsgDCRl3PpXZW_15doc_transformer5cache12content_hash
FN:260,_RNvNtCsgDCRl3PpXZW_15doc_transformer5cache14composite_hash
FN:373,_RNvNtCsgDCRl3PpXZW_15doc_transformer5cache14table_for_type
FN:277,_RNvNtCsgDCRl3PpXZW_15doc_transformer5cache17validate_key_size
FN:288,_RNvNtCsgDCRl3PpXZW_15doc_transformer5cache19validate_value_size
FN:246,_RNvNtCsgDCRl3PpXZW_15doc_transformer5cache8url_hash
FN:252,_RNvNtCsgDCRl3PpXZW_15doc_transformer5cache9path_hash
FN:362,_RNvNtCsgDCRl3PpXZW_15doc_transformer5cache9table_len
FN:53,_RNvXNtCsgDCRl3PpXZW_15doc_transformer5cacheNtB2_17CacheBackendInnerNtNtCs4kUJL3MZFFz_4core3fmt5Debug3fmt
FN:90,_RNvXs0_NtCsgDCRl3PpXZW_15doc_transformer5cacheNtB5_11ContentHashNtNtCs4kUJL3MZFFz_4core3fmt7Display3fmt
FN:99,_RNvXs1_NtCsgDCRl3PpXZW_15doc_transformer5cacheNtB5_11ContentHashINtNtCs4kUJL3MZFFz_4core7convert5AsRefShE6as_ref
FN:105,_RNvXs2_NtCsgDCRl3PpXZW_15doc_transformer5cacheNtB5_11ContentHashINtNtCs4kUJL3MZFFz_4core7convert4FromAhj20_E4from
FN:111,_RNvXs3_NtCsgDCRl3PpXZW_15doc_transformer5cacheAhj20_INtNtCs4kUJL3MZFFz_4core7convert4FromNtB5_11ContentHashE4from
FN:199,_RNvXs6_NtCsgDCRl3PpXZW_15doc_transformer5cacheNtB5_11CacheConfigNtNtCs4kUJL3MZFFz_4core7default7Default7default
FN:454,_RINvMs7_NtCsgDCRl3PpXZW_15doc_transformer5cacheNtB6_8DocCache3getNtNtB8_7analyze8AnalysisEB8_
FN:468,_RINvMs7_NtCsgDCRl3PpXZW_15doc_transformer5cacheNtB6_8DocCache3putNtNtB8_7analyze8AnalysisEB8_
FN:312,_RINvNtCsgDCRl3PpXZW_15doc_transformer5cache10put_to_lruNtNtB4_7analyze8AnalysisEB4_
FN:325,_RINvNtCsgDCRl3PpXZW_15doc_transformer5cache11read_cachedNtNtB4_7analyze8AnalysisEB4_
FN:299,_RINvNtCsgDCRl3PpXZW_15doc_transformer5cache12get_from_lruNtNtB4_7analyze8AnalysisEB4_
FN:347,_RINvNtCsgDCRl3PpXZW_15doc_transformer5cache12write_cachedNtNtB4_7analyze8AnalysisEB4_
FN:334,_RNCINvNtCsgDCRl3PpXZW_15doc_transformer5cache11read_cachedNtNtB6_7analyze8AnalysisE0B6_
FN:367,_RNCNvNtCsgDCRl3PpXZW_15doc_transformer5cache9table_len0B5_
FNDA:0,_RINvMs7_NtCsgDCRl3PpXZW_15doc_transformer5cacheNtB6_8DocCache12get_snapshotNtNtB8_5watch8SnapshotECsfWoOj3yj0zc_3ctd
FNDA:0,_RINvMs7_NtCsgDCRl3PpXZW_15doc_transformer5cacheNtB6_8DocCache12put_snapshotNtNtB8_5watch8SnapshotECsfWoOj3yj0zc_3ctd
FNDA:0,_RINvNtCsgDCRl3PpXZW_15doc_transformer5cache10put_to_lruNtNtB4_5watch8SnapshotECsfWoOj3yj0zc_3ctd
FNDA:0,_RINvNtCsgDCRl3PpXZW_15doc_transformer5cache11read_cachedNtNtB4_5watch8SnapshotECsfWoOj3yj0zc_3ctd
FNDA:0,_RINvNtCsgDCRl3PpXZW_15doc_transformer5cache12get_from_lruNtNtB4_5watch8SnapshotECsfWoOj3yj0zc_3ctd
FNDA:0,_RINvNtCsgDCRl3PpXZW_15doc_transformer5cache12write_cachedNtNtB4_5watch8SnapshotECsfWoOj3yj0zc_3ctd
FNDA:0,_RNCINvNtCsgDCRl3PpXZW_15doc_transformer5cache11read_cachedNtNtB6_5watch8SnapshotE0CsfWoOj3yj0zc_3ctd
FNDA:0,_RINvMs7_NtCsfWoOj3yj0zc_3ctd5cacheNtB6_8DocCache10get_scrapepEB8_
FNDA:0,_RINvMs7_NtCsfWoOj3yj0zc_3ctd5cacheNtB6_8DocCache10put_scrapepEB8_
FNDA:0,_RINvMs7_NtCsfWoOj3yj0zc_3ctd5cacheNtB6_8DocCache12get_documentpEB8_
FNDA:0,_RINvMs7_NtCsfWoOj3yj0zc_3ctd5cacheNtB6_8DocCache12get_snapshotpEB8_
FNDA:0,_RINvMs7_NtCsfWoOj3yj0zc_3ctd5cacheNtB6_8DocCache12put_documentpEB8_
FNDA:0,_RINvMs7_NtCsfWoOj3yj0zc_3ctd5cacheNtB6_8DocCache12put_snapshotpEB8_
FNDA:0,_RINvMs7_NtCsfWoOj3yj0zc_3ctd5cacheNtB6_8DocCache13get_transformpEB8_
FNDA:0,_RINvMs7_NtCsfWoOj3yj0zc_3ctd5cacheNtB6_8DocCache13put_transformpEB8_
FNDA:0,_RINvMs7_NtCsfWoOj3yj0zc_3ctd5cacheNtB6_8DocCache14get_or_computeppEB8_
FNDA:0,_RINvMs7_NtCsfWoOj3yj0zc_3ctd5cacheNtB6_8DocCache3getpEB8_
FNDA:0,_RINvMs7_NtCsfWoOj3yj0zc_3ctd5cacheNtB6_8DocCache3putpEB8_
FNDA:0,_RINvNtCsfWoOj3yj0zc_3ctd5cache10put_to_lrupEB4_
FNDA:0,_RINvNtCsfWoOj3yj0zc_3ctd5cache11read_cachedpEB4_
FNDA:0,_RINvNtCsfWoOj3yj0zc_3ctd5cache12get_from_lrupEB4_
FNDA:0,_RINvNtCsfWoOj3yj0zc_3ctd5cache12write_cachedpEB4_
FNDA:0,_RNCINvNtCsfWoOj3yj0zc_3ctd5cache11read_cachedpE0B6_
FNDA:0,_RNCNvNtCsfWoOj3yj0zc_3ctd5cache9table_len0B5_
FNDA:0,_RNvMs4_NtCsfWoOj3yj0zc_3ctd5cacheNtB5_12EnabledTypes10is_enabled
FNDA:0,_RNvMs4_NtCsfWoOj3yj0zc_3ctd5cacheNtB5_12EnabledTypes3all
FNDA:0,_RNvMs5_NtCsfWoOj3yj0zc_3ctd5cacheNtB5_11CacheConfig3new
FNDA:0,_RNvMs5_NtCsfWoOj3yj0zc_3ctd5cacheNtB5_11CacheConfig6enable
FNDA:0,_RNvMs5_NtCsfWoOj3yj0zc_3ctd5cacheNtB5_11CacheConfig7disable
FNDA:0,_RNvMs5_NtCsfWoOj3yj0zc_3ctd5cacheNtB5_11CacheConfig9in_memory
FNDA:0,_RNvMs7_NtCsfWoOj3yj0zc_3ctd5cacheNtB5_8DocCache17initialize_tables
FNDA:0,_RNvMs7_NtCsfWoOj3yj0zc_3ctd5cacheNtB5_8DocCache4open
FNDA:0,_RNvMs7_NtCsfWoOj3yj0zc_3ctd5cacheNtB5_8DocCache5stats
FNDA:0,_RNvMs7_NtCsfWoOj3yj0zc_3ctd5cacheNtB5_8DocCache9clear_all
FNDA:0,_RNvMs_NtCsfWoOj3yj0zc_3ctd5cacheNtB4_11ContentHash7compute
FNDA:0,_RNvMs_NtCsfWoOj3yj0zc_3ctd5cacheNtB4_11ContentHash8as_bytes
FNDA:0,_RNvNtCsfWoOj3yj0zc_3ctd5cache12content_hash
FNDA:0,_RNvNtCsfWoOj3yj0zc_3ctd5cache14composite_hash
FNDA:0,_RNvNtCsfWoOj3yj0zc_3ctd5cache14table_for_type
FNDA:0,_RNvNtCsfWoOj3yj0zc_3ctd5cache17validate_key_size
FNDA:0,_RNvNtCsfWoOj3yj0zc_3ctd5cache19validate_value_size
FNDA:0,_RNvNtCsfWoOj3yj0zc_3ctd5cache8url_hash
FNDA:0,_RNvNtCsfWoOj3yj0zc_3ctd5cache9path_hash
FNDA:0,_RNvNtCsfWoOj3yj0zc_3ctd5cache9table_len
FNDA:0,_RNvXNtCsfWoOj3yj0zc_3ctd5cacheNtB2_17CacheBackendInnerNtNtCs4kUJL3MZFFz_4core3fmt5Debug3fmt
FNDA:0,_RNvXs0_NtCsfWoOj3yj0zc_3ctd5cacheNtB5_11ContentHashNtNtCs4kUJL3MZFFz_4core3fmt7Display3fmt
FNDA:0,_RNvXs1_NtCsfWoOj3yj0zc_3ctd5cacheNtB5_11ContentHashINtNtCs4kUJL3MZFFz_4core7convert5AsRefShE6as_ref
FNDA:0,_RNvXs2_NtCsfWoOj3yj0zc_3ctd5cacheNtB5_11ContentHashINtNtCs4kUJL3MZFFz_4core7convert4FromAhj20_E4from
FNDA:0,_RNvXs3_NtCsfWoOj3yj0zc_3ctd5cacheAhj20_INtNtCs4kUJL3MZFFz_4core7convert4FromNtB5_11ContentHashE4from
FNDA:0,_RNvXs6_NtCsfWoOj3yj0zc_3ctd5cacheNtB5_11CacheConfigNtNtCs4kUJL3MZFFz_4core7default7Default7default
FNDA:0,_RINvMs7_NtCsgDCRl3PpXZW_15doc_transformer5cacheNtB6_8DocCache10get_scrapepEB8_
FNDA:0,_RINvMs7_NtCsgDCRl3PpXZW_15doc_transformer5cacheNtB6_8DocCache10put_scrapepEB8_
FNDA:0,_RINvMs7_NtCsgDCRl3PpXZW_15doc_transformer5cacheNtB6_8DocCache12get_documentpEB8_
FNDA:0,_RINvMs7_NtCsgDCRl3PpXZW_15doc_transformer5cacheNtB6_8DocCache12get_snapshotpEB8_
FNDA:0,_RINvMs7_NtCsgDCRl3PpXZW_15doc_transformer5cacheNtB6_8DocCache12put_documentpEB8_
FNDA:0,_RINvMs7_NtCsgDCRl3PpXZW_15doc_transformer5cacheNtB6_8DocCache12put_snapshotpEB8_
FNDA:0,_RINvMs7_NtCsgDCRl3PpXZW_15doc_transformer5cacheNtB6_8DocCache13get_transformpEB8_
FNDA:0,_RINvMs7_NtCsgDCRl3PpXZW_15doc_transformer5cacheNtB6_8DocCache13put_transformpEB8_
FNDA:0,_RINvMs7_NtCsgDCRl3PpXZW_15doc_transformer5cacheNtB6_8DocCache14get_or_computeppEB8_
FNDA:0,_RNvMs4_NtCsgDCRl3PpXZW_15doc_transformer5cacheNtB5_12EnabledTypes10is_enabled
FNDA:0,_RNvMs4_NtCsgDCRl3PpXZW_15doc_transformer5cacheNtB5_12EnabledTypes3all
FNDA:0,_RNvMs5_NtCsgDCRl3PpXZW_15doc_transformer5cacheNtB5_11CacheConfig3new
FNDA:0,_RNvMs5_NtCsgDCRl3PpXZW_15doc_transformer5cacheNtB5_11CacheConfig6enable
FNDA:0,_RNvMs5_NtCsgDCRl3PpXZW_15doc_transformer5cacheNtB5_11CacheConfig7disable
FNDA:0,_RNvMs5_NtCsgDCRl3PpXZW_15doc_transformer5cacheNtB5_11CacheConfig9in_memory
FNDA:0,_RNvMs7_NtCsgDCRl3PpXZW_15doc_transformer5cacheNtB5_8DocCache17initialize_tables
FNDA:0,_RNvMs7_NtCsgDCRl3PpXZW_15doc_transformer5cacheNtB5_8DocCache4open
FNDA:0,_RNvMs7_NtCsgDCRl3PpXZW_15doc_transformer5cacheNtB5_8DocCache5stats
FNDA:0,_RNvMs7_NtCsgDCRl3PpXZW_15doc_transformer5cacheNtB5_8DocCache9clear_all
FNDA:21552,_RNvMs_NtCsgDCRl3PpXZW_15doc_transformer5cacheNtB4_11ContentHash7compute
FNDA:0,_RNvMs_NtCsgDCRl3PpXZW_15doc_transformer5cacheNtB4_11ContentHash8as_bytes
FNDA:21552,_RNvNtCsgDCRl3PpXZW_15doc_transformer5cache12content_hash
FNDA:0,_RNvNtCsgDCRl3PpXZW_15doc_transformer5cache14composite_hash
FNDA:0,_RNvNtCsgDCRl3PpXZW_15doc_transformer5cache14table_for_type
FNDA:0,_RNvNtCsgDCRl3PpXZW_15doc_transformer5cache17validate_key_size
FNDA:0,_RNvNtCsgDCRl3PpXZW_15doc_transformer5cache19validate_value_size
FNDA:0,_RNvNtCsgDCRl3PpXZW_15doc_transformer5cache8url_hash
FNDA:0,_RNvNtCsgDCRl3PpXZW_15doc_transformer5cache9path_hash
FNDA:0,_RNvNtCsgDCRl3PpXZW_15doc_transformer5cache9table_len
FNDA:0,_RNvXNtCsgDCRl3PpXZW_15doc_transformer5cacheNtB2_17CacheBackendInnerNtNtCs4kUJL3MZFFz_4core3fmt5Debug3fmt
FNDA:0,_RNvXs0_NtCsgDCRl3PpXZW_15doc_transformer5cacheNtB5_11ContentHashNtNtCs4kUJL3MZFFz_4core3fmt7Display3fmt
FNDA:0,_RNvXs1_NtCsgDCRl3PpXZW_15doc_transformer5cacheNtB5_11ContentHashINtNtCs4kUJL3MZFFz_4core7convert5AsRefShE6as_ref
FNDA:0,_RNvXs2_NtCsgDCRl3PpXZW_15doc_transformer5cacheNtB5_11ContentHashINtNtCs4kUJL3MZFFz_4core7convert4FromAhj20_E4from
FNDA:0,_RNvXs3_NtCsgDCRl3PpXZW_15doc_transformer5cacheAhj20_INtNtCs4kUJL3MZFFz_4core7convert4FromNtB5_11ContentHashE4from
FNDA:0,_RNvXs6_NtCsgDCRl3PpXZW_15doc_transformer5cacheNtB5_11CacheConfigNtNtCs4kUJL3MZFFz_4core7default7Default7default
FNDA:0,_RINvMs7_NtCsgDCRl3PpXZW_15doc_transformer5cacheNtB6_8DocCache3getNtNtB8_7analyze8AnalysisEB8_
FNDA:0,_RINvMs7_NtCsgDCRl3PpXZW_15doc_transformer5cacheNtB6_8DocCache3putNtNtB8_7analyze8AnalysisEB8_
FNDA:0,_RINvNtCsgDCRl3PpXZW_15doc_transformer5cache10put_to_lruNtNtB4_7analyze8AnalysisEB4_
FNDA:0,_RINvNtCsgDCRl3PpXZW_15doc_transformer5cache11read_cachedNtNtB4_7analyze8AnalysisEB4_
FNDA:0,_RINvNtCsgDCRl3PpXZW_15doc_transformer5cache12get_from_lruNtNtB4_7analyze8AnalysisEB4_
FNDA:0,_RINvNtCsgDCRl3PpXZW_15doc_transformer5cache12write_cachedNtNtB4_7analyze8AnalysisEB4_
FNDA:0,_RNCINvNtCsgDCRl3PpXZW_15doc_transformer5cache11read_cachedNtNtB6_7analyze8AnalysisE0B6_
FNDA:0,_RNCNvNtCsgDCRl3PpXZW_15doc_transformer5cache9table_len0B5_
FNF:43
FNH:2
DA:53,0
DA:54,0
DA:55,0
DA:56,0
DA:58,0
DA:72,21552
DA:74,21552
DA:75,21552
DA:76,21552
DA:77,21552
DA:78,21552
DA:79,21552
DA:80,21552
DA:84,0
DA:85,0
DA:86,0
DA:90,0
DA:91,0
DA:92,0
DA:94,0
DA:95,0
DA:99,0
DA:100,0
DA:101,0
DA:105,0
DA:106,0
DA:107,0
DA:111,0
DA:112,0
DA:113,0
DA:136,0
DA:137,0
DA:138,0
DA:140,0
DA:141,0
DA:142,0
DA:169,0
DA:170,0
DA:171,0
DA:172,0
DA:173,0
DA:174,0
DA:178,0
DA:179,0
DA:180,0
DA:181,0
DA:182,0
DA:183,0
DA:186,0
DA:187,0
DA:188,0
DA:189,0
DA:192,0
DA:193,0
DA:194,0
DA:195,0
DA:199,0
DA:200,0
DA:201,0
DA:202,0
DA:203,0
DA:204,0
DA:240,21552
DA:241,21552
DA:242,21552
DA:246,0
DA:247,0
DA:248,0
DA:252,0
DA:253,0
DA:254,0
DA:260,0
DA:262,0
DA:263,0
DA:264,0
DA:265,0
DA:266,0
DA:267,0
DA:268,0
DA:269,0
DA:270,0
DA:277,0
DA:278,0
DA:279,0
DA:280,0
DA:281,0
DA:282,0
DA:283,0
DA:284,0
DA:285,0
DA:288,0
DA:289,0
DA:290,0
DA:291,0
DA:292,0
DA:293,0
DA:294,0
DA:295,0
DA:296,0
DA:299,0
DA:300,0
DA:301,0
DA:302,0
DA:303,0
DA:304,0
DA:305,0
DA:307,0
DA:308,0
DA:309,0
DA:312,0
DA:313,0
DA:314,0
DA:315,0
DA:316,0
DA:317,0
DA:318,0
DA:319,0
DA:320,0
DA:321,0
DA:322,0
DA:325,0
DA:326,0
DA:327,0
DA:328,0
DA:329,0
DA:330,0
DA:331,0
DA:332,0
DA:334,0
DA:335,0
DA:337,0
DA:338,0
DA:341,0
DA:342,0
DA:343,0
DA:344,0
DA:347,0
DA:348,0
DA:349,0
DA:350,0
DA:351,0
DA:352,0
DA:353,0
DA:354,0
DA:355,0
DA:356,0
DA:357,0
DA:358,0
DA:359,0
DA:362,0
DA:363,0
DA:364,0
DA:365,0
DA:367,0
DA:368,0
DA:369,0
DA:370,0
DA:373,0
DA:374,0
DA:375,0
DA:376,0
DA:377,0
DA:378,0
DA:379,0
DA:380,0
DA:381,0
DA:382,0
DA:384,0
DA:410,0
DA:411,0
DA:413,0
DA:414,0
DA:415,0
DA:417,0
DA:418,0
DA:419,0
DA:420,0
DA:421,0
DA:424,0
DA:425,0
DA:426,0
DA:427,0
DA:428,0
DA:429,0
DA:431,0
DA:432,0
DA:433,0
DA:435,0
DA:437,0
DA:438,0
DA:439,0
DA:440,0
DA:441,0
DA:442,0
DA:443,0
DA:445,0
DA:446,0
DA:447,0
DA:454,0
DA:455,0
DA:456,0
DA:457,0
DA:458,0
DA:459,0
DA:460,0
DA:461,0
DA:462,0
DA:465,0
DA:468,0
DA:469,0
DA:470,0
DA:471,0
DA:472,0
DA:473,0
DA:474,0
DA:475,0
DA:476,0
DA:477,0
DA:478,0
DA:481,0
DA:484,0
DA:485,0
DA:486,0
DA:487,0
DA:489,0
DA:490,0
DA:491,0
DA:492,0
DA:493,0
DA:494,0
DA:495,0
DA:502,0
DA:503,0
DA:504,0
DA:507,0
DA:508,0
DA:509,0
DA:512,0
DA:513,0
DA:514,0
DA:517,0
DA:518,0
DA:519,0
DA:522,0
DA:523,0
DA:524,0
DA:527,0
DA:528,0
DA:529,0
DA:532,0
DA:533,0
DA:534,0
DA:535,0
DA:536,0
DA:537,0
DA:540,0
DA:543,0
DA:544,0
DA:545,0
DA:546,0
DA:547,0
DA:548,0
DA:549,0
DA:550,0
DA:553,0
DA:560,0
DA:561,0
DA:562,0
DA:563,0
DA:564,0
DA:566,0
DA:567,0
DA:569,0
DA:570,0
DA:571,0
DA:572,0
DA:573,0
DA:574,0
DA:575,0
DA:577,0
DA:578,0
DA:581,0
DA:584,0
DA:585,0
DA:586,0
DA:587,0
DA:588,0
DA:589,0
DA:590,0
DA:591,0
DA:592,0
DA:593,0
DA:594,0
DA:595,0
DA:597,0
DA:598,0
DA:600,0
DA:601,0
DA:602,0
DA:603,0
DA:604,0
DA:605,0
DA:609,0
BRF:0
BRH:0
LF:305
LH:11
end_of_record
SF:/home/lewis/src/centralized-docs/centralized-docs/src/chunking_adapter.rs
FN:133,_RNvNtCsfWoOj3yj0zc_3ctd16chunking_adapter13convert_chunk
FN:95,_RNvNtCsfWoOj3yj0zc_3ctd16chunking_adapter15fallback_doc_id
FN:176,_RNvNtCsfWoOj3yj0zc_3ctd16chunking_adapter18escape_frontmatter
FN:81,_RNvNtCsfWoOj3yj0zc_3ctd16chunking_adapter20analysis_to_document
FN:156,_RNvNtCsfWoOj3yj0zc_3ctd16chunking_adapter23convert_chunking_result
FN:19,_RNvNtCsfWoOj3yj0zc_3ctd16chunking_adapter23create_dir_with_context
FN:112,_RNvNtCsfWoOj3yj0zc_3ctd16chunking_adapter7slugify
FN:195,_RNvNtCsfWoOj3yj0zc_3ctd16chunking_adapter9chunk_all
FN:99,_RNCNvNtCsfWoOj3yj0zc_3ctd16chunking_adapter15fallback_doc_id0B5_
FN:102,_RNCNvNtCsfWoOj3yj0zc_3ctd16chunking_adapter15fallback_doc_ids0_0B5_
FN:104,_RNCNvNtCsfWoOj3yj0zc_3ctd16chunking_adapter15fallback_doc_ids1_0B5_
FN:105,_RNCNvNtCsfWoOj3yj0zc_3ctd16chunking_adapter15fallback_doc_ids2_0B5_
FN:99,_RNCNvNtCsfWoOj3yj0zc_3ctd16chunking_adapter15fallback_doc_ids_0B5_
FN:84,_RNCNvNtCsfWoOj3yj0zc_3ctd16chunking_adapter20analysis_to_document0B5_
FN:84,_RNCNvNtCsfWoOj3yj0zc_3ctd16chunking_adapter20analysis_to_documents_0B5_
FN:20,_RNCNvNtCsfWoOj3yj0zc_3ctd16chunking_adapter23create_dir_with_context0B5_
FN:116,_RNCNvNtCsfWoOj3yj0zc_3ctd16chunking_adapter7slugify0B5_
FN:209,_RNCNvNtCsfWoOj3yj0zc_3ctd16chunking_adapter9chunk_all0B5_
FN:243,_RNCNvNtCsfWoOj3yj0zc_3ctd16chunking_adapter9chunk_alls0_0B5_
FN:233,_RNCNvNtCsfWoOj3yj0zc_3ctd16chunking_adapter9chunk_alls_0B5_
FN:133,_RNvNtCsgDCRl3PpXZW_15doc_transformer16chunking_adapter13convert_chunk
FN:95,_RNvNtCsgDCRl3PpXZW_15doc_transformer16chunking_adapter15fallback_doc_id
FN:176,_RNvNtCsgDCRl3PpXZW_15doc_transformer16chunking_adapter18escape_frontmatter
FN:81,_RNvNtCsgDCRl3PpXZW_15doc_transformer16chunking_adapter20analysis_to_document
FN:156,_RNvNtCsgDCRl3PpXZW_15doc_transformer16chunking_adapter23convert_chunking_result
FN:19,_RNvNtCsgDCRl3PpXZW_15doc_transformer16chunking_adapter23create_dir_with_context
FN:112,_RNvNtCsgDCRl3PpXZW_15doc_transformer16chunking_adapter7slugify
FN:195,_RNvNtCsgDCRl3PpXZW_15doc_transformer16chunking_adapter9chunk_all
FN:99,_RNCNvNtCsgDCRl3PpXZW_15doc_transformer16chunking_adapter15fallback_doc_id0B5_
FN:102,_RNCNvNtCsgDCRl3PpXZW_15doc_transformer16chunking_adapter15fallback_doc_ids0_0B5_
FN:104,_RNCNvNtCsgDCRl3PpXZW_15doc_transformer16chunking_adapter15fallback_doc_ids1_0B5_
FN:105,_RNCNvNtCsgDCRl3PpXZW_15doc_transformer16chunking_adapter15fallback_doc_ids2_0B5_
FN:99,_RNCNvNtCsgDCRl3PpXZW_15doc_transformer16chunking_adapter15fallback_doc_ids_0B5_
FN:84,_RNCNvNtCsgDCRl3PpXZW_15doc_transformer16chunking_adapter20analysis_to_document0B5_
FN:84,_RNCNvNtCsgDCRl3PpXZW_15doc_transformer16chunking_adapter20analysis_to_documents_0B5_
FN:20,_RNCNvNtCsgDCRl3PpXZW_15doc_transformer16chunking_adapter23create_dir_with_context0B5_
FN:116,_RNCNvNtCsgDCRl3PpXZW_15doc_transformer16chunking_adapter7slugify0B5_
FN:209,_RNCNvNtCsgDCRl3PpXZW_15doc_transformer16chunking_adapter9chunk_all0B5_
FN:243,_RNCNvNtCsgDCRl3PpXZW_15doc_transformer16chunking_adapter9chunk_alls0_0B5_
FN:233,_RNCNvNtCsgDCRl3PpXZW_15doc_transformer16chunking_adapter9chunk_alls_0B5_
FNDA:0,_RNvNtCsfWoOj3yj0zc_3ctd16chunking_adapter13convert_chunk
FNDA:0,_RNvNtCsfWoOj3yj0zc_3ctd16chunking_adapter15fallback_doc_id
FNDA:0,_RNvNtCsfWoOj3yj0zc_3ctd16chunking_adapter18escape_frontmatter
FNDA:0,_RNvNtCsfWoOj3yj0zc_3ctd16chunking_adapter20analysis_to_document
FNDA:0,_RNvNtCsfWoOj3yj0zc_3ctd16chunking_adapter23convert_chunking_result
FNDA:0,_RNvNtCsfWoOj3yj0zc_3ctd16chunking_adapter23create_dir_with_context
FNDA:0,_RNvNtCsfWoOj3yj0zc_3ctd16chunking_adapter7slugify
FNDA:0,_RNvNtCsfWoOj3yj0zc_3ctd16chunking_adapter9chunk_all
FNDA:0,_RNCNvNtCsfWoOj3yj0zc_3ctd16chunking_adapter15fallback_doc_id0B5_
FNDA:0,_RNCNvNtCsfWoOj3yj0zc_3ctd16chunking_adapter15fallback_doc_ids0_0B5_
FNDA:0,_RNCNvNtCsfWoOj3yj0zc_3ctd16chunking_adapter15fallback_doc_ids1_0B5_
FNDA:0,_RNCNvNtCsfWoOj3yj0zc_3ctd16chunking_adapter15fallback_doc_ids2_0B5_
FNDA:0,_RNCNvNtCsfWoOj3yj0zc_3ctd16chunking_adapter15fallback_doc_ids_0B5_
FNDA:0,_RNCNvNtCsfWoOj3yj0zc_3ctd16chunking_adapter20analysis_to_document0B5_
FNDA:0,_RNCNvNtCsfWoOj3yj0zc_3ctd16chunking_adapter20analysis_to_documents_0B5_
FNDA:0,_RNCNvNtCsfWoOj3yj0zc_3ctd16chunking_adapter23create_dir_with_context0B5_
FNDA:0,_RNCNvNtCsfWoOj3yj0zc_3ctd16chunking_adapter7slugify0B5_
FNDA:0,_RNCNvNtCsfWoOj3yj0zc_3ctd16chunking_adapter9chunk_all0B5_
FNDA:0,_RNCNvNtCsfWoOj3yj0zc_3ctd16chunking_adapter9chunk_alls0_0B5_
FNDA:0,_RNCNvNtCsfWoOj3yj0zc_3ctd16chunking_adapter9chunk_alls_0B5_
FNDA:0,_RNvNtCsgDCRl3PpXZW_15doc_transformer16chunking_adapter13convert_chunk
FNDA:0,_RNvNtCsgDCRl3PpXZW_15doc_transformer16chunking_adapter15fallback_doc_id
FNDA:0,_RNvNtCsgDCRl3PpXZW_15doc_transformer16chunking_adapter18escape_frontmatter
FNDA:0,_RNvNtCsgDCRl3PpXZW_15doc_transformer16chunking_adapter20analysis_to_document
FNDA:0,_RNvNtCsgDCRl3PpXZW_15doc_transformer16chunking_adapter23convert_chunking_result
FNDA:0,_RNvNtCsgDCRl3PpXZW_15doc_transformer16chunking_adapter23create_dir_with_context
FNDA:0,_RNvNtCsgDCRl3PpXZW_15doc_transformer16chunking_adapter7slugify
FNDA:0,_RNvNtCsgDCRl3PpXZW_15doc_transformer16chunking_adapter9chunk_all
FNDA:0,_RNCNvNtCsgDCRl3PpXZW_15doc_transformer16chunking_adapter15fallback_doc_id0B5_
FNDA:0,_RNCNvNtCsgDCRl3PpXZW_15doc_transformer16chunking_adapter15fallback_doc_ids0_0B5_
FNDA:0,_RNCNvNtCsgDCRl3PpXZW_15doc_transformer16chunking_adapter15fallback_doc_ids1_0B5_
FNDA:0,_RNCNvNtCsgDCRl3PpXZW_15doc_transformer16chunking_adapter15fallback_doc_ids2_0B5_
FNDA:0,_RNCNvNtCsgDCRl3PpXZW_15doc_transformer16chunking_adapter15fallback_doc_ids_0B5_
FNDA:0,_RNCNvNtCsgDCRl3PpXZW_15doc_transformer16chunking_adapter20analysis_to_document0B5_
FNDA:0,_RNCNvNtCsgDCRl3PpXZW_15doc_transformer16chunking_adapter20analysis_to_documents_0B5_
FNDA:0,_RNCNvNtCsgDCRl3PpXZW_15doc_transformer16chunking_adapter23create_dir_with_context0B5_
FNDA:0,_RNCNvNtCsgDCRl3PpXZW_15doc_transformer16chunking_adapter7slugify0B5_
FNDA:0,_RNCNvNtCsgDCRl3PpXZW_15doc_transformer16chunking_adapter9chunk_all0B5_
FNDA:0,_RNCNvNtCsgDCRl3PpXZW_15doc_transformer16chunking_adapter9chunk_alls0_0B5_
FNDA:0,_RNCNvNtCsgDCRl3PpXZW_15doc_transformer16chunking_adapter9chunk_alls_0B5_
FNF:20
FNH:0
DA:19,0
DA:20,0
DA:21,0
DA:22,0
DA:26,0
DA:29,0
DA:32,0
DA:36,0
DA:37,0
DA:81,0
DA:82,0
DA:83,0
DA:84,0
DA:86,0
DA:87,0
DA:89,0
DA:92,0
DA:93,0
DA:95,0
DA:96,0
DA:97,0
DA:98,0
DA:99,0
DA:100,0
DA:101,0
DA:102,0
DA:103,0
DA:104,0
DA:105,0
DA:107,0
DA:109,0
DA:110,0
DA:112,0
DA:113,0
DA:114,0
DA:115,0
DA:116,0
DA:117,0
DA:118,0
DA:120,0
DA:122,0
DA:123,0
DA:124,0
DA:125,0
DA:126,0
DA:127,0
DA:128,0
DA:133,0
DA:134,0
DA:135,0
DA:136,0
DA:137,0
DA:138,0
DA:139,0
DA:140,0
DA:141,0
DA:142,0
DA:143,0
DA:144,0
DA:145,0
DA:146,0
DA:147,0
DA:148,0
DA:149,0
DA:150,0
DA:151,0
DA:152,0
DA:153,0
DA:156,0
DA:157,0
DA:158,0
DA:159,0
DA:160,0
DA:162,0
DA:163,0
DA:164,0
DA:165,0
DA:166,0
DA:167,0
DA:168,0
DA:169,0
DA:170,0
DA:171,0
DA:172,0
DA:173,0
DA:176,0
DA:177,0
DA:178,0
DA:195,0
DA:196,0
DA:197,0
DA:198,0
DA:199,0
DA:200,0
DA:202,0
DA:203,0
DA:206,0
DA:209,0
DA:210,0
DA:211,0
DA:212,0
DA:219,0
DA:220,0
DA:221,0
DA:222,0
DA:223,0
DA:224,0
DA:225,0
DA:226,0
DA:227,0
DA:228,0
DA:231,0
DA:232,0
DA:233,0
DA:234,0
DA:237,0
DA:240,0
DA:243,0
DA:244,0
DA:245,0
DA:246,0
DA:247,0
DA:250,0
DA:252,0
DA:255,0
DA:257,0
DA:263,0
DA:265,0
DA:268,0
DA:269,0
DA:270,0
DA:272,0
DA:273,0
BRF:0
BRH:0
LF:145
LH:0
end_of_record
SF:/home/lewis/src/centralized-docs/centralized-docs/src/cli/config.rs
FN:93,_RNvXs0_NtNtCsfWoOj3yj0zc_3ctd3cli6configNtB5_12IngestConfigNtNtCs4kUJL3MZFFz_4core7default7Default7default
FN:59,_RNvXs_NtNtCsfWoOj3yj0zc_3ctd3cli6configNtB4_19ScrapeCommandConfigNtNtCs4kUJL3MZFFz_4core7default7Default7default
FN:25,_RNvXNtNtCsfWoOj3yj0zc_3ctd3cli6configNtB2_11IndexConfigNtNtCs4kUJL3MZFFz_4core7default7Default7default
FNDA:0,_RNvXs0_NtNtCsfWoOj3yj0zc_3ctd3cli6configNtB5_12IngestConfigNtNtCs4kUJL3MZFFz_4core7default7Default7default
FNDA:0,_RNvXs_NtNtCsfWoOj3yj0zc_3ctd3cli6configNtB4_19ScrapeCommandConfigNtNtCs4kUJL3MZFFz_4core7default7Default7default
FNDA:0,_RNvXNtNtCsfWoOj3yj0zc_3ctd3cli6configNtB2_11IndexConfigNtNtCs4kUJL3MZFFz_4core7default7Default7default
FNF:3
FNH:0
DA:25,0
DA:26,0
DA:27,0
DA:28,0
DA:29,0
DA:30,0
DA:31,0
DA:32,0
DA:33,0
DA:34,0
DA:35,0
DA:36,0
DA:37,0
DA:38,0
DA:39,0
DA:59,0
DA:60,0
DA:61,0
DA:62,0
DA:63,0
DA:64,0
DA:65,0
DA:66,0
DA:67,0
DA:68,0
DA:69,0
DA:70,0
DA:71,0
DA:72,0
DA:73,0
DA:93,0
DA:94,0
DA:95,0
DA:96,0
DA:97,0
DA:98,0
DA:99,0
DA:100,0
DA:101,0
DA:102,0
DA:103,0
DA:104,0
DA:105,0
DA:106,0
DA:107,0
BRF:0
BRH:0
LF:45
LH:0
end_of_record
SF:/home/lewis/src/centralized-docs/centralized-docs/src/cli/mcp_cmd.rs
FN:19,_RNvMNtNtCsfWoOj3yj0zc_3ctd3cli7mcp_cmdNtB2_10McpCommand9index_dir
FNDA:0,_RNvMNtNtCsfWoOj3yj0zc_3ctd3cli7mcp_cmdNtB2_10McpCommand9index_dir
FNF:1
FNH:0
DA:19,0
DA:20,0
DA:21,0
DA:23,0
BRF:0
BRH:0
LF:4
LH:0
end_of_record
SF:/home/lewis/src/centralized-docs/centralized-docs/src/cli/validation.rs
FN:260,_RNCNCNCNvNtNtCsfWoOj3yj0zc_3ctd3cli10validation21validate_filter_regex000Bb_
FN:259,_RNCNCNvNtNtCsfWoOj3yj0zc_3ctd3cli10validation21validate_filter_regex00B9_
FN:213,_RNCNvNtNtCsfWoOj3yj0zc_3ctd3cli10validation14validate_delay0B7_
FN:229,_RNCNvNtNtCsfWoOj3yj0zc_3ctd3cli10validation14validate_delays_0B7_
FN:47,_RNCNvNtNtCsfWoOj3yj0zc_3ctd3cli10validation15validate_hnsw_m0B7_
FN:62,_RNCNvNtNtCsfWoOj3yj0zc_3ctd3cli10validation15validate_hnsw_ms_0B7_
FN:234,_RNCNvNtNtCsfWoOj3yj0zc_3ctd3cli10validation18validate_limit_cli0B7_
FN:94,_RNCNvNtNtCsfWoOj3yj0zc_3ctd3cli10validation18validate_threshold0B7_
FN:121,_RNCNvNtNtCsfWoOj3yj0zc_3ctd3cli10validation20validate_retry_count0B7_
FN:135,_RNCNvNtNtCsfWoOj3yj0zc_3ctd3cli10validation20validate_retry_counts_0B7_
FN:258,_RNCNvNtNtCsfWoOj3yj0zc_3ctd3cli10validation21validate_filter_regex0B7_
FN:276,_RNCNvNtNtCsfWoOj3yj0zc_3ctd3cli10validation21validate_filter_regexs0_0B7_
FN:142,_RNCNvNtNtCsfWoOj3yj0zc_3ctd3cli10validation21validate_timeout_secs0B7_
FN:156,_RNCNvNtNtCsfWoOj3yj0zc_3ctd3cli10validation21validate_timeout_secss_0B7_
FN:163,_RNCNvNtNtCsfWoOj3yj0zc_3ctd3cli10validation23validate_positive_bytes0B7_
FN:171,_RNCNvNtNtCsfWoOj3yj0zc_3ctd3cli10validation23validate_positive_bytess_0B7_
FN:178,_RNCNvNtNtCsfWoOj3yj0zc_3ctd3cli10validation26validate_concurrency_limit0B7_
FN:192,_RNCNvNtNtCsfWoOj3yj0zc_3ctd3cli10validation26validate_concurrency_limits_0B7_
FN:30,_RNCNvNtNtCsfWoOj3yj0zc_3ctd3cli10validation27validate_max_chunk_keywords0B7_
FN:41,_RNCNvNtNtCsfWoOj3yj0zc_3ctd3cli10validation27validate_max_chunk_keywordss_0B7_
FN:13,_RNCNvNtNtCsfWoOj3yj0zc_3ctd3cli10validation27validate_max_related_chunks0B7_
FN:24,_RNCNvNtNtCsfWoOj3yj0zc_3ctd3cli10validation27validate_max_related_chunkss_0B7_
FN:68,_RNCNvNtNtCsfWoOj3yj0zc_3ctd3cli10validation29validate_hnsw_ef_construction0B7_
FN:83,_RNCNvNtNtCsfWoOj3yj0zc_3ctd3cli10validation29validate_hnsw_ef_constructions_0B7_
FN:210,_RNvNtNtCsfWoOj3yj0zc_3ctd3cli10validation14validate_delay
FN:44,_RNvNtNtCsfWoOj3yj0zc_3ctd3cli10validation15validate_hnsw_m
FN:233,_RNvNtNtCsfWoOj3yj0zc_3ctd3cli10validation18validate_limit_cli
FN:91,_RNvNtNtCsfWoOj3yj0zc_3ctd3cli10validation18validate_threshold
FN:118,_RNvNtNtCsfWoOj3yj0zc_3ctd3cli10validation20validate_retry_count
FN:196,_RNvNtNtCsfWoOj3yj0zc_3ctd3cli10validation21parse_redirect_policy
FN:245,_RNvNtNtCsfWoOj3yj0zc_3ctd3cli10validation21validate_filter_regex
FN:139,_RNvNtNtCsfWoOj3yj0zc_3ctd3cli10validation21validate_timeout_secs
FN:160,_RNvNtNtCsfWoOj3yj0zc_3ctd3cli10validation23validate_positive_bytes
FN:175,_RNvNtNtCsfWoOj3yj0zc_3ctd3cli10validation26validate_concurrency_limit
FN:27,_RNvNtNtCsfWoOj3yj0zc_3ctd3cli10validation27validate_max_chunk_keywords
FN:10,_RNvNtNtCsfWoOj3yj0zc_3ctd3cli10validation27validate_max_related_chunks
FN:65,_RNvNtNtCsfWoOj3yj0zc_3ctd3cli10validation29validate_hnsw_ef_construction
FNDA:0,_RNCNCNCNvNtNtCsfWoOj3yj0zc_3ctd3cli10validation21validate_filter_regex000Bb_
FNDA:0,_RNCNCNvNtNtCsfWoOj3yj0zc_3ctd3cli10validation21validate_filter_regex00B9_
FNDA:0,_RNCNvNtNtCsfWoOj3yj0zc_3ctd3cli10validation14validate_delay0B7_
FNDA:0,_RNCNvNtNtCsfWoOj3yj0zc_3ctd3cli10validation14validate_delays_0B7_
FNDA:0,_RNCNvNtNtCsfWoOj3yj0zc_3ctd3cli10validation15validate_hnsw_m0B7_
FNDA:0,_RNCNvNtNtCsfWoOj3yj0zc_3ctd3cli10validation15validate_hnsw_ms_0B7_
FNDA:0,_RNCNvNtNtCsfWoOj3yj0zc_3ctd3cli10validation18validate_limit_cli0B7_
FNDA:0,_RNCNvNtNtCsfWoOj3yj0zc_3ctd3cli10validation18validate_threshold0B7_
FNDA:0,_RNCNvNtNtCsfWoOj3yj0zc_3ctd3cli10validation20validate_retry_count0B7_
FNDA:0,_RNCNvNtNtCsfWoOj3yj0zc_3ctd3cli10validation20validate_retry_counts_0B7_
FNDA:0,_RNCNvNtNtCsfWoOj3yj0zc_3ctd3cli10validation21validate_filter_regex0B7_
FNDA:0,_RNCNvNtNtCsfWoOj3yj0zc_3ctd3cli10validation21validate_filter_regexs0_0B7_
FNDA:0,_RNCNvNtNtCsfWoOj3yj0zc_3ctd3cli10validation21validate_timeout_secs0B7_
FNDA:0,_RNCNvNtNtCsfWoOj3yj0zc_3ctd3cli10validation21validate_timeout_secss_0B7_
FNDA:0,_RNCNvNtNtCsfWoOj3yj0zc_3ctd3cli10validation23validate_positive_bytes0B7_
FNDA:0,_RNCNvNtNtCsfWoOj3yj0zc_3ctd3cli10validation23validate_positive_bytess_0B7_
FNDA:0,_RNCNvNtNtCsfWoOj3yj0zc_3ctd3cli10validation26validate_concurrency_limit0B7_
FNDA:0,_RNCNvNtNtCsfWoOj3yj0zc_3ctd3cli10validation26validate_concurrency_limits_0B7_
FNDA:0,_RNCNvNtNtCsfWoOj3yj0zc_3ctd3cli10validation27validate_max_chunk_keywords0B7_
FNDA:0,_RNCNvNtNtCsfWoOj3yj0zc_3ctd3cli10validation27validate_max_chunk_keywordss_0B7_
FNDA:0,_RNCNvNtNtCsfWoOj3yj0zc_3ctd3cli10validation27validate_max_related_chunks0B7_
FNDA:0,_RNCNvNtNtCsfWoOj3yj0zc_3ctd3cli10validation27validate_max_related_chunkss_0B7_
FNDA:0,_RNCNvNtNtCsfWoOj3yj0zc_3ctd3cli10validation29validate_hnsw_ef_construction0B7_
FNDA:0,_RNCNvNtNtCsfWoOj3yj0zc_3ctd3cli10validation29validate_hnsw_ef_constructions_0B7_
FNDA:0,_RNvNtNtCsfWoOj3yj0zc_3ctd3cli10validation14validate_delay
FNDA:0,_RNvNtNtCsfWoOj3yj0zc_3ctd3cli10validation15validate_hnsw_m
FNDA:0,_RNvNtNtCsfWoOj3yj0zc_3ctd3cli10validation18validate_limit_cli
FNDA:0,_RNvNtNtCsfWoOj3yj0zc_3ctd3cli10validation18validate_threshold
FNDA:0,_RNvNtNtCsfWoOj3yj0zc_3ctd3cli10validation20validate_retry_count
FNDA:0,_RNvNtNtCsfWoOj3yj0zc_3ctd3cli10validation21parse_redirect_policy
FNDA:0,_RNvNtNtCsfWoOj3yj0zc_3ctd3cli10validation21validate_filter_regex
FNDA:0,_RNvNtNtCsfWoOj3yj0zc_3ctd3cli10validation21validate_timeout_secs
FNDA:0,_RNvNtNtCsfWoOj3yj0zc_3ctd3cli10validation23validate_positive_bytes
FNDA:0,_RNvNtNtCsfWoOj3yj0zc_3ctd3cli10validation26validate_concurrency_limit
FNDA:0,_RNvNtNtCsfWoOj3yj0zc_3ctd3cli10validation27validate_max_chunk_keywords
FNDA:0,_RNvNtNtCsfWoOj3yj0zc_3ctd3cli10validation27validate_max_related_chunks
FNDA:0,_RNvNtNtCsfWoOj3yj0zc_3ctd3cli10validation29validate_hnsw_ef_construction
FNF:37
FNH:0
DA:10,0
DA:11,0
DA:12,0
DA:13,0
DA:15,0
DA:16,0
DA:17,0
DA:18,0
DA:19,0
DA:20,0
DA:22,0
DA:23,0
DA:24,0
DA:25,0
DA:27,0
DA:28,0
DA:29,0
DA:30,0
DA:32,0
DA:33,0
DA:34,0
DA:35,0
DA:36,0
DA:37,0
DA:39,0
DA:40,0
DA:41,0
DA:42,0
DA:44,0
DA:45,0
DA:46,0
DA:47,0
DA:49,0
DA:50,0
DA:51,0
DA:52,0
DA:53,0
DA:54,0
DA:55,0
DA:56,0
DA:57,0
DA:58,0
DA:60,0
DA:61,0
DA:62,0
DA:63,0
DA:65,0
DA:66,0
DA:67,0
DA:68,0
DA:70,0
DA:71,0
DA:72,0
DA:73,0
DA:74,0
DA:75,0
DA:76,0
DA:77,0
DA:78,0
DA:79,0
DA:81,0
DA:82,0
DA:83,0
DA:84,0
DA:91,0
DA:92,0
DA:93,0
DA:94,0
DA:96,0
DA:97,0
DA:98,0
DA:99,0
DA:100,0
DA:102,0
DA:103,0
DA:104,0
DA:105,0
DA:106,0
DA:108,0
DA:109,0
DA:110,0
DA:111,0
DA:112,0
DA:114,0
DA:115,0
DA:118,0
DA:119,0
DA:120,0
DA:121,0
DA:123,0
DA:124,0
DA:125,0
DA:126,0
DA:127,0
DA:129,0
DA:130,0
DA:131,0
DA:133,0
DA:134,0
DA:135,0
DA:136,0
DA:139,0
DA:140,0
DA:141,0
DA:142,0
DA:144,0
DA:145,0
DA:146,0
DA:148,0
DA:149,0
DA:150,0
DA:151,0
DA:152,0
DA:154,0
DA:155,0
DA:156,0
DA:157,0
DA:160,0
DA:161,0
DA:162,0
DA:163,0
DA:165,0
DA:166,0
DA:167,0
DA:169,0
DA:170,0
DA:171,0
DA:172,0
DA:175,0
DA:176,0
DA:177,0
DA:178,0
DA:180,0
DA:181,0
DA:182,0
DA:184,0
DA:185,0
DA:186,0
DA:187,0
DA:188,0
DA:190,0
DA:191,0
DA:192,0
DA:193,0
DA:196,0
DA:197,0
DA:198,0
DA:199,0
DA:200,0
DA:201,0
DA:202,0
DA:203,0
DA:205,0
DA:210,0
DA:211,0
DA:212,0
DA:213,0
DA:215,0
DA:216,0
DA:217,0
DA:218,0
DA:219,0
DA:221,0
DA:222,0
DA:223,0
DA:224,0
DA:225,0
DA:227,0
DA:228,0
DA:229,0
DA:230,0
DA:233,0
DA:234,0
DA:235,0
DA:245,0
DA:247,0
DA:248,0
DA:249,0
DA:250,0
DA:251,0
DA:252,0
DA:256,0
DA:258,0
DA:259,0
DA:260,0
DA:261,0
DA:262,0
DA:263,0
DA:264,0
DA:266,0
DA:267,0
DA:268,0
DA:271,0
DA:272,0
DA:273,0
DA:274,0
DA:275,0
DA:276,0
DA:277,0
BRF:0
BRH:0
LF:223
LH:0
end_of_record
SF:/home/lewis/src/centralized-docs/centralized-docs/src/cmd/git.rs
FN:6,_RNvNtNtCsfWoOj3yj0zc_3ctd3cmd3git14run_ingest_git
FN:76,_RNCNCNCNvNtNtCsfWoOj3yj0zc_3ctd3cmd3git14run_ingest_gits0_000Bb_
FN:74,_RNCNCNvNtNtCsfWoOj3yj0zc_3ctd3cmd3git14run_ingest_gits0_00B9_
FN:86,_RNCNCNvNtNtCsfWoOj3yj0zc_3ctd3cmd3git14run_ingest_gits1_00B9_
FN:42,_RNCNvNtNtCsfWoOj3yj0zc_3ctd3cmd3git14run_ingest_git0B7_
FN:73,_RNCNvNtNtCsfWoOj3yj0zc_3ctd3cmd3git14run_ingest_gits0_0B7_
FN:85,_RNCNvNtNtCsfWoOj3yj0zc_3ctd3cmd3git14run_ingest_gits1_0B7_
FN:72,_RNCNvNtNtCsfWoOj3yj0zc_3ctd3cmd3git14run_ingest_gits_0B7_
FNDA:0,_RNvNtNtCsfWoOj3yj0zc_3ctd3cmd3git14run_ingest_git
FNDA:0,_RNCNCNCNvNtNtCsfWoOj3yj0zc_3ctd3cmd3git14run_ingest_gits0_000Bb_
FNDA:0,_RNCNCNvNtNtCsfWoOj3yj0zc_3ctd3cmd3git14run_ingest_gits0_00B9_
FNDA:0,_RNCNCNvNtNtCsfWoOj3yj0zc_3ctd3cmd3git14run_ingest_gits1_00B9_
FNDA:0,_RNCNvNtNtCsfWoOj3yj0zc_3ctd3cmd3git14run_ingest_git0B7_
FNDA:0,_RNCNvNtNtCsfWoOj3yj0zc_3ctd3cmd3git14run_ingest_gits0_0B7_
FNDA:0,_RNCNvNtNtCsfWoOj3yj0zc_3ctd3cmd3git14run_ingest_gits1_0B7_
FNDA:0,_RNCNvNtNtCsfWoOj3yj0zc_3ctd3cmd3git14run_ingest_gits_0B7_
FNF:8
FNH:0
DA:6,0
DA:7,0
DA:8,0
DA:9,0
DA:10,0
DA:11,0
DA:12,0
DA:13,0
DA:15,0
DA:16,0
DA:17,0
DA:18,0
DA:19,0
DA:21,0
DA:22,0
DA:24,0
DA:25,0
DA:27,0
DA:28,0
DA:29,0
DA:30,0
DA:31,0
DA:32,0
DA:34,0
DA:35,0
DA:36,0
DA:37,0
DA:39,0
DA:42,0
DA:43,0
DA:44,0
DA:45,0
DA:46,0
DA:47,0
DA:48,0
DA:49,0
DA:51,0
DA:52,0
DA:55,0
DA:58,0
DA:61,0
DA:64,0
DA:66,0
DA:69,0
DA:70,0
DA:71,0
DA:72,0
DA:73,0
DA:74,0
DA:75,0
DA:76,0
DA:77,0
DA:78,0
DA:79,0
DA:81,0
DA:83,0
DA:85,0
DA:86,0
DA:87,0
DA:88,0
DA:89,0
DA:90,0
DA:93,0
DA:98,0
DA:100,0
DA:101,0
DA:102,0
DA:103,0
DA:104,0
DA:105,0
DA:106,0
DA:107,0
DA:109,0
DA:110,0
BRF:0
BRH:0
LF:82
LH:0
end_of_record
SF:/home/lewis/src/centralized-docs/centralized-docs/src/cmd/index.rs
FN:9,_RNvNtNtCsfWoOj3yj0zc_3ctd3cmd5index9run_index
FN:62,_RNCNvNtNtCsfWoOj3yj0zc_3ctd3cmd5index9run_index0B7_
FN:125,_RNCNvNtNtCsfWoOj3yj0zc_3ctd3cmd5index9run_indexs_0B7_
FNDA:0,_RNvNtNtCsfWoOj3yj0zc_3ctd3cmd5index9run_index
FNDA:0,_RNCNvNtNtCsfWoOj3yj0zc_3ctd3cmd5index9run_index0B7_
FNDA:0,_RNCNvNtNtCsfWoOj3yj0zc_3ctd3cmd5index9run_indexs_0B7_
FNF:3
FNH:0
DA:9,0
DA:10,0
DA:13,0
DA:14,0
DA:15,0
DA:17,0
DA:20,0
DA:21,0
DA:25,0
DA:29,0
DA:30,0
DA:34,0
DA:37,0
DA:38,0
DA:39,0
DA:40,0
DA:43,0
DA:44,0
DA:48,0
DA:52,0
DA:53,0
DA:54,0
DA:55,0
DA:56,0
DA:57,0
DA:58,0
DA:61,0
DA:62,0
DA:63,0
DA:67,0
DA:68,0
DA:70,0
DA:71,0
DA:72,0
DA:73,0
DA:75,0
DA:76,0
DA:77,0
DA:78,0
DA:79,0
DA:83,0
DA:84,0
DA:85,0
DA:88,0
DA:89,0
DA:90,0
DA:96,0
DA:97,0
DA:98,0
DA:99,0
DA:103,0
DA:107,0
DA:110,0
DA:111,0
DA:112,0
DA:121,0
DA:122,0
DA:123,0
DA:124,0
DA:125,0
DA:126,0
DA:127,0
DA:129,0
DA:133,0
DA:136,0
DA:137,0
DA:138,0
DA:139,0
DA:140,0
DA:141,0
DA:142,0
DA:143,0
DA:144,0
DA:145,0
DA:146,0
DA:147,0
DA:148,0
DA:149,0
DA:152,0
DA:153,0
DA:154,0
DA:155,0
DA:156,0
DA:157,0
DA:158,0
DA:159,0
DA:160,0
DA:161,0
DA:162,0
DA:163,0
DA:164,0
DA:165,0
DA:166,0
DA:169,0
DA:170,0
DA:171,0
DA:172,0
DA:173,0
DA:174,0
DA:175,0
DA:176,0
DA:180,0
DA:181,0
DA:182,0
DA:183,0
DA:185,0
DA:186,0
BRF:0
BRH:0
LF:109
LH:0
end_of_record
SF:/home/lewis/src/centralized-docs/centralized-docs/src/cmd/ingest.rs
FN:111,_RNCNCNCNCNvNtNtCsfWoOj3yj0zc_3ctd3cmd6ingest10run_ingest0s1_000Bd_
FN:109,_RNCNCNCNvNtNtCsfWoOj3yj0zc_3ctd3cmd6ingest10run_ingest0s1_00Bb_
FN:115,_RNCNCNCNvNtNtCsfWoOj3yj0zc_3ctd3cmd6ingest10run_ingest0s1_0s_0Bb_
FN:30,_RNCNCNvNtNtCsfWoOj3yj0zc_3ctd3cmd6ingest10run_ingest00B9_
FN:107,_RNCNCNvNtNtCsfWoOj3yj0zc_3ctd3cmd6ingest10run_ingest0s1_0B9_
FN:12,_RNCNvNtNtCsfWoOj3yj0zc_3ctd3cmd6ingest10run_ingest0B7_
FN:12,_RNvNtNtCsfWoOj3yj0zc_3ctd3cmd6ingest10run_ingest
FNDA:0,_RNCNCNCNCNvNtNtCsfWoOj3yj0zc_3ctd3cmd6ingest10run_ingest0s1_000Bd_
FNDA:0,_RNCNCNCNvNtNtCsfWoOj3yj0zc_3ctd3cmd6ingest10run_ingest0s1_00Bb_
FNDA:0,_RNCNCNCNvNtNtCsfWoOj3yj0zc_3ctd3cmd6ingest10run_ingest0s1_0s_0Bb_
FNDA:0,_RNCNCNvNtNtCsfWoOj3yj0zc_3ctd3cmd6ingest10run_ingest00B9_
FNDA:0,_RNCNCNvNtNtCsfWoOj3yj0zc_3ctd3cmd6ingest10run_ingest0s1_0B9_
FNDA:0,_RNCNvNtNtCsfWoOj3yj0zc_3ctd3cmd6ingest10run_ingest0B7_
FNDA:0,_RNvNtNtCsfWoOj3yj0zc_3ctd3cmd6ingest10run_ingest
FNF:7
FNH:0
DA:12,0
DA:13,0
DA:16,0
DA:17,0
DA:18,0
DA:19,0
DA:20,0
DA:21,0
DA:22,0
DA:25,0
DA:26,0
DA:29,0
DA:30,0
DA:31,0
DA:34,0
DA:36,0
DA:37,0
DA:38,0
DA:39,0
DA:40,0
DA:41,0
DA:42,0
DA:43,0
DA:44,0
DA:45,0
DA:46,0
DA:47,0
DA:48,0
DA:49,0
DA:52,0
DA:55,0
DA:56,0
DA:57,0
DA:58,0
DA:59,0
DA:60,0
DA:61,0
DA:62,0
DA:63,0
DA:64,0
DA:65,0
DA:66,0
DA:67,0
DA:68,0
DA:70,0
DA:76,0
DA:77,0
DA:78,0
DA:79,0
DA:80,0
DA:81,0
DA:84,0
DA:87,0
DA:88,0
DA:89,0
DA:90,0
DA:91,0
DA:92,0
DA:93,0
DA:95,0
DA:98,0
DA:99,0
DA:100,0
DA:103,0
DA:106,0
DA:107,0
DA:108,0
DA:109,0
DA:110,0
DA:111,0
DA:114,0
DA:115,0
DA:116,0
DA:121,0
DA:122,0
DA:123,0
DA:124,0
DA:125,0
DA:126,0
DA:127,0
DA:129,0
DA:130,0
BRF:0
BRH:0
LF:86
LH:0
end_of_record
SF:/home/lewis/src/centralized-docs/centralized-docs/src/cmd/mcp.rs
FN:4,_RNvNtNtCsfWoOj3yj0zc_3ctd3cmd3mcp13run_mcp_serve
FN:4,_RNCNvNtNtCsfWoOj3yj0zc_3ctd3cmd3mcp13run_mcp_serve0B7_
FNDA:0,_RNvNtNtCsfWoOj3yj0zc_3ctd3cmd3mcp13run_mcp_serve
FNDA:0,_RNCNvNtNtCsfWoOj3yj0zc_3ctd3cmd3mcp13run_mcp_serve0B7_
FNF:2
FNH:0
DA:4,0
DA:5,0
DA:6,0
BRF:0
BRH:0
LF:4
LH:0
end_of_record
SF:/home/lewis/src/centralized-docs/centralized-docs/src/cmd/scrape.rs
FN:139,_RNvNtNtCsfWoOj3yj0zc_3ctd3cmd6scrape10run_scrape
FN:46,_RNvNtNtCsfWoOj3yj0zc_3ctd3cmd6scrape18apply_query_filter
FN:14,_RNvNtNtCsfWoOj3yj0zc_3ctd3cmd6scrape21validate_query_length
FN:148,_RNCNCNvNtNtCsfWoOj3yj0zc_3ctd3cmd6scrape10run_scrape00B9_
FN:108,_RNCNCNvNtNtCsfWoOj3yj0zc_3ctd3cmd6scrape18apply_query_filters0_00B9_
FN:139,_RNCNvNtNtCsfWoOj3yj0zc_3ctd3cmd6scrape10run_scrape0B7_
FN:82,_RNCNvNtNtCsfWoOj3yj0zc_3ctd3cmd6scrape18apply_query_filter0B7_
FN:103,_RNCNvNtNtCsfWoOj3yj0zc_3ctd3cmd6scrape18apply_query_filters0_0B7_
FN:115,_RNCNvNtNtCsfWoOj3yj0zc_3ctd3cmd6scrape18apply_query_filters1_0B7_
FN:102,_RNCNvNtNtCsfWoOj3yj0zc_3ctd3cmd6scrape18apply_query_filters_0B7_
FNDA:0,_RNvNtNtCsfWoOj3yj0zc_3ctd3cmd6scrape10run_scrape
FNDA:0,_RNvNtNtCsfWoOj3yj0zc_3ctd3cmd6scrape18apply_query_filter
FNDA:0,_RNvNtNtCsfWoOj3yj0zc_3ctd3cmd6scrape21validate_query_length
FNDA:0,_RNCNCNvNtNtCsfWoOj3yj0zc_3ctd3cmd6scrape10run_scrape00B9_
FNDA:0,_RNCNCNvNtNtCsfWoOj3yj0zc_3ctd3cmd6scrape18apply_query_filters0_00B9_
FNDA:0,_RNCNvNtNtCsfWoOj3yj0zc_3ctd3cmd6scrape10run_scrape0B7_
FNDA:0,_RNCNvNtNtCsfWoOj3yj0zc_3ctd3cmd6scrape18apply_query_filter0B7_
FNDA:0,_RNCNvNtNtCsfWoOj3yj0zc_3ctd3cmd6scrape18apply_query_filters0_0B7_
FNDA:0,_RNCNvNtNtCsfWoOj3yj0zc_3ctd3cmd6scrape18apply_query_filters1_0B7_
FNDA:0,_RNCNvNtNtCsfWoOj3yj0zc_3ctd3cmd6scrape18apply_query_filters_0B7_
FNF:10
FNH:0
DA:14,0
DA:17,0
DA:18,0
DA:19,0
DA:20,0
DA:21,0
DA:22,0
DA:24,0
DA:25,0
DA:46,0
DA:47,0
DA:48,0
DA:49,0
DA:50,0
DA:51,0
DA:52,0
DA:55,0
DA:56,0
DA:57,0
DA:58,0
DA:60,0
DA:69,0
DA:70,0
DA:71,0
DA:72,0
DA:73,0
DA:75,0
DA:77,0
DA:79,0
DA:80,0
DA:81,0
DA:82,0
DA:83,0
DA:84,0
DA:85,0
DA:86,0
DA:88,0
DA:89,0
DA:90,0
DA:91,0
DA:93,0
DA:94,0
DA:95,0
DA:96,0
DA:98,0
DA:100,0
DA:101,0
DA:102,0
DA:103,0
DA:104,0
DA:105,0
DA:106,0
DA:107,0
DA:108,0
DA:109,0
DA:110,0
DA:112,0
DA:113,0
DA:114,0
DA:115,0
DA:116,0
DA:117,0
DA:119,0
DA:120,0
DA:122,0
DA:127,0
DA:128,0
DA:129,0
DA:130,0
DA:131,0
DA:133,0
DA:134,0
DA:139,0
DA:140,0
DA:143,0
DA:144,0
DA:147,0
DA:148,0
DA:149,0
DA:151,0
DA:152,0
DA:160,0
DA:164,0
DA:165,0
DA:166,0
DA:167,0
DA:169,0
DA:170,0
DA:171,0
DA:172,0
DA:173,0
DA:174,0
DA:175,0
DA:176,0
DA:177,0
DA:178,0
DA:179,0
DA:180,0
DA:181,0
DA:182,0
DA:183,0
DA:184,0
DA:185,0
DA:186,0
DA:189,0
DA:190,0
DA:194,0
DA:195,0
DA:196,0
DA:197,0
DA:198,0
DA:199,0
DA:203,0
DA:204,0
DA:205,0
DA:206,0
DA:207,0
DA:208,0
DA:209,0
DA:213,0
DA:214,0
DA:215,0
DA:216,0
DA:217,0
DA:218,0
DA:219,0
DA:220,0
DA:221,0
DA:222,0
DA:223,0
DA:224,0
DA:225,0
DA:227,0
DA:228,0
DA:229,0
DA:230,0
DA:231,0
DA:232,0
DA:233,0
DA:234,0
DA:235,0
DA:237,0
DA:238,0
DA:242,0
DA:243,0
DA:244,0
DA:245,0
DA:247,0
DA:250,0
DA:251,0
DA:252,0
DA:253,0
DA:254,0
DA:255,0
DA:259,0
DA:260,0
DA:261,0
DA:262,0
DA:263,0
DA:264,0
DA:265,0
DA:268,0
DA:270,0
DA:271,0
DA:272,0
DA:274,0
DA:275,0
DA:276,0
DA:277,0
DA:278,0
DA:279,0
DA:280,0
DA:281,0
DA:282,0
DA:283,0
DA:285,0
DA:286,0
BRF:0
BRH:0
LF:185
LH:0
end_of_record
SF:/home/lewis/src/centralized-docs/centralized-docs/src/cmd/search.rs
FN:80,_RNvNtNtCsfWoOj3yj0zc_3ctd3cmd6search10run_search
FN:27,_RNvNtNtCsfWoOj3yj0zc_3ctd3cmd6search18emit_search_output
FN:90,_RNCNvNtNtCsfWoOj3yj0zc_3ctd3cmd6search10run_search0B7_
FN:116,_RNCNvNtNtCsfWoOj3yj0zc_3ctd3cmd6search10run_searchs_0B7_
FN:58,_RNCNvNtNtCsfWoOj3yj0zc_3ctd3cmd6search18emit_search_output0B7_
FNDA:0,_RNvNtNtCsfWoOj3yj0zc_3ctd3cmd6search10run_search
FNDA:0,_RNvNtNtCsfWoOj3yj0zc_3ctd3cmd6search18emit_search_output
FNDA:0,_RNCNvNtNtCsfWoOj3yj0zc_3ctd3cmd6search10run_search0B7_
FNDA:0,_RNCNvNtNtCsfWoOj3yj0zc_3ctd3cmd6search10run_searchs_0B7_
FNDA:0,_RNCNvNtNtCsfWoOj3yj0zc_3ctd3cmd6search18emit_search_output0B7_
FNF:5
FNH:0
DA:27,0
DA:28,0
DA:29,0
DA:30,0
DA:31,0
DA:32,0
DA:33,0
DA:34,0
DA:35,0
DA:36,0
DA:37,0
DA:38,0
DA:39,0
DA:40,0
DA:41,0
DA:42,0
DA:43,0
DA:44,0
DA:46,0
DA:48,0
DA:49,0
DA:50,0
DA:51,0
DA:52,0
DA:54,0
DA:55,0
DA:56,0
DA:57,0
DA:58,0
DA:59,0
DA:63,0
DA:64,0
DA:65,0
DA:67,0
DA:68,0
DA:70,0
DA:71,0
DA:73,0
DA:77,0
DA:78,0
DA:80,0
DA:81,0
DA:82,0
DA:83,0
DA:84,0
DA:85,0
DA:86,0
DA:90,0
DA:93,0
DA:94,0
DA:95,0
DA:96,0
DA:98,0
DA:99,0
DA:100,0
DA:101,0
DA:103,0
DA:104,0
DA:107,0
DA:111,0
DA:113,0
DA:114,0
DA:115,0
DA:116,0
DA:117,0
DA:118,0
DA:119,0
DA:121,0
DA:124,0
DA:125,0
DA:126,0
DA:127,0
DA:128,0
DA:129,0
DA:130,0
DA:131,0
DA:132,0
DA:133,0
DA:134,0
DA:136,0
DA:137,0
DA:139,0
DA:142,0
DA:143,0
DA:144,0
DA:145,0
DA:146,0
DA:147,0
DA:148,0
DA:150,0
DA:152,0
DA:153,0
DA:154,0
DA:156,0
DA:157,0
DA:158,0
DA:160,0
DA:161,0
BRF:0
BRH:0
LF:101
LH:0
end_of_record
SF:/home/lewis/src/centralized-docs/centralized-docs/src/cmd/watch.rs
FN:141,_RNCNvNtNtCsfWoOj3yj0zc_3ctd3cmd5watch13load_snapshot0B7_
FN:155,_RNCNvNtNtCsfWoOj3yj0zc_3ctd3cmd5watch13read_manifest0B7_
FN:157,_RNCNvNtNtCsfWoOj3yj0zc_3ctd3cmd5watch13read_manifests_0B7_
FN:160,_RNCNvNtNtCsfWoOj3yj0zc_3ctd3cmd5watch14execute_scrape0B7_
FN:70,_RNCNvNtNtCsfWoOj3yj0zc_3ctd3cmd5watch9run_apply0B7_
FN:35,_RNCNvNtNtCsfWoOj3yj0zc_3ctd3cmd5watch9run_watch0B7_
FN:132,_RNvNtNtCsfWoOj3yj0zc_3ctd3cmd5watch10open_cache
FN:137,_RNvNtNtCsfWoOj3yj0zc_3ctd3cmd5watch13load_snapshot
FN:152,_RNvNtNtCsfWoOj3yj0zc_3ctd3cmd5watch13read_manifest
FN:160,_RNvNtNtCsfWoOj3yj0zc_3ctd3cmd5watch14execute_scrape
FN:147,_RNvNtNtCsfWoOj3yj0zc_3ctd3cmd5watch14store_snapshot
FN:202,_RNvNtNtCsfWoOj3yj0zc_3ctd3cmd5watch18print_watch_footer
FN:189,_RNvNtNtCsfWoOj3yj0zc_3ctd3cmd5watch18print_watch_header
FN:233,_RNvNtNtCsfWoOj3yj0zc_3ctd3cmd5watch19build_scrape_config
FN:217,_RNvNtNtCsfWoOj3yj0zc_3ctd3cmd5watch19print_apply_summary
FN:176,_RNvNtNtCsfWoOj3yj0zc_3ctd3cmd5watch19prompt_confirmation
FN:108,_RNvNtNtCsfWoOj3yj0zc_3ctd3cmd5watch8run_diff
FN:164,_RNvNtNtCsfWoOj3yj0zc_3ctd3cmd5watch9emit_plan
FN:70,_RNvNtNtCsfWoOj3yj0zc_3ctd3cmd5watch9run_apply
FN:24,_RNvNtNtCsfWoOj3yj0zc_3ctd3cmd5watch9run_watch
FNDA:0,_RNCNvNtNtCsfWoOj3yj0zc_3ctd3cmd5watch13load_snapshot0B7_
FNDA:0,_RNCNvNtNtCsfWoOj3yj0zc_3ctd3cmd5watch13read_manifest0B7_
FNDA:0,_RNCNvNtNtCsfWoOj3yj0zc_3ctd3cmd5watch13read_manifests_0B7_
FNDA:0,_RNCNvNtNtCsfWoOj3yj0zc_3ctd3cmd5watch14execute_scrape0B7_
FNDA:0,_RNCNvNtNtCsfWoOj3yj0zc_3ctd3cmd5watch9run_apply0B7_
FNDA:0,_RNCNvNtNtCsfWoOj3yj0zc_3ctd3cmd5watch9run_watch0B7_
FNDA:0,_RNvNtNtCsfWoOj3yj0zc_3ctd3cmd5watch10open_cache
FNDA:0,_RNvNtNtCsfWoOj3yj0zc_3ctd3cmd5watch13load_snapshot
FNDA:0,_RNvNtNtCsfWoOj3yj0zc_3ctd3cmd5watch13read_manifest
FNDA:0,_RNvNtNtCsfWoOj3yj0zc_3ctd3cmd5watch14execute_scrape
FNDA:0,_RNvNtNtCsfWoOj3yj0zc_3ctd3cmd5watch14store_snapshot
FNDA:0,_RNvNtNtCsfWoOj3yj0zc_3ctd3cmd5watch18print_watch_footer
FNDA:0,_RNvNtNtCsfWoOj3yj0zc_3ctd3cmd5watch18print_watch_header
FNDA:0,_RNvNtNtCsfWoOj3yj0zc_3ctd3cmd5watch19build_scrape_config
FNDA:0,_RNvNtNtCsfWoOj3yj0zc_3ctd3cmd5watch19print_apply_summary
FNDA:0,_RNvNtNtCsfWoOj3yj0zc_3ctd3cmd5watch19prompt_confirmation
FNDA:0,_RNvNtNtCsfWoOj3yj0zc_3ctd3cmd5watch8run_diff
FNDA:0,_RNvNtNtCsfWoOj3yj0zc_3ctd3cmd5watch9emit_plan
FNDA:0,_RNvNtNtCsfWoOj3yj0zc_3ctd3cmd5watch9run_apply
FNDA:0,_RNvNtNtCsfWoOj3yj0zc_3ctd3cmd5watch9run_watch
FNF:20
FNH:0
DA:24,0
DA:25,0
DA:26,0
DA:27,0
DA:28,0
DA:29,0
DA:30,0
DA:31,0
DA:32,0
DA:33,0
DA:34,0
DA:35,0
DA:37,0
DA:38,0
DA:39,0
DA:41,0
DA:42,0
DA:43,0
DA:44,0
DA:45,0
DA:46,0
DA:47,0
DA:48,0
DA:50,0
DA:53,0
DA:56,0
DA:57,0
DA:59,0
DA:61,0
DA:62,0
DA:70,0
DA:72,0
DA:73,0
DA:74,0
DA:77,0
DA:80,0
DA:82,0
DA:83,0
DA:84,0
DA:85,0
DA:87,0
DA:88,0
DA:89,0
DA:91,0
DA:92,0
DA:94,0
DA:96,0
DA:97,0
DA:100,0
DA:101,0
DA:108,0
DA:109,0
DA:110,0
DA:111,0
DA:112,0
DA:113,0
DA:115,0
DA:118,0
DA:119,0
DA:120,0
DA:121,0
DA:123,0
DA:125,0
DA:126,0
DA:132,0
DA:133,0
DA:134,0
DA:135,0
DA:137,0
DA:138,0
DA:139,0
DA:140,0
DA:141,0
DA:142,0
DA:143,0
DA:144,0
DA:145,0
DA:147,0
DA:148,0
DA:149,0
DA:150,0
DA:152,0
DA:153,0
DA:154,0
DA:155,0
DA:156,0
DA:157,0
DA:158,0
DA:160,0
DA:161,0
DA:162,0
DA:164,0
DA:165,0
DA:166,0
DA:167,0
DA:168,0
DA:170,0
DA:171,0
DA:172,0
DA:173,0
DA:174,0
DA:176,0
DA:177,0
DA:178,0
DA:179,0
DA:180,0
DA:181,0
DA:182,0
DA:183,0
DA:184,0
DA:185,0
DA:189,0
DA:190,0
DA:191,0
DA:192,0
DA:193,0
DA:194,0
DA:195,0
DA:196,0
DA:197,0
DA:198,0
DA:199,0
DA:200,0
DA:202,0
DA:203,0
DA:205,0
DA:207,0
DA:208,0
DA:209,0
DA:210,0
DA:211,0
DA:212,0
DA:213,0
DA:214,0
DA:215,0
DA:217,0
DA:218,0
DA:219,0
DA:223,0
DA:224,0
DA:225,0
DA:226,0
DA:227,0
DA:228,0
DA:229,0
DA:233,0
DA:234,0
DA:235,0
DA:236,0
DA:237,0
DA:238,0
[...]
FNDA:0,_RNvXs1_NtNtNtCsgDCRl3PpXZW_15doc_transformer5types7symbols11symbol_roleNtB5_10SymbolRoleNtNtNtCs4kUJL3MZFFz_4core3ops3bit6BitAnd6bitand
FNDA:0,_RNvXs2_NtNtNtCsgDCRl3PpXZW_15doc_transformer5types7symbols11symbol_roleNtB5_10SymbolRoleNtNtNtCs4kUJL3MZFFz_4core3ops3bit11BitOrAssign12bitor_assign
FNDA:0,_RNvXs3_NtNtNtCsgDCRl3PpXZW_15doc_transformer5types7symbols11symbol_roleNtB5_10SymbolRoleNtNtNtCs4kUJL3MZFFz_4core3ops3bit12BitAndAssign13bitand_assign
FNDA:0,_RNvXs_NtNtNtCsgDCRl3PpXZW_15doc_transformer5types7symbols11symbol_roleNtB4_10SymbolRoleNtNtCs4kUJL3MZFFz_4core3fmt7Display3fmt
FNDA:0,_RNCNvXs_NtNtNtCsgDCRl3PpXZW_15doc_transformer5types7symbols11symbol_roleNtB6_10SymbolRoleNtNtCs4kUJL3MZFFz_4core3fmt7Display3fmt0Bc_
FNF:15
FNH:0
DA:27,0
DA:28,0
DA:29,0
DA:30,0
DA:31,0
DA:32,0
DA:35,0
DA:36,0
DA:37,0
DA:40,0
DA:41,0
DA:42,0
DA:45,0
DA:46,0
DA:47,0
DA:50,0
DA:51,0
DA:52,0
DA:55,0
DA:56,0
DA:57,0
DA:60,0
DA:61,0
DA:62,0
DA:65,0
DA:66,0
DA:67,0
DA:71,0
DA:72,0
DA:73,0
DA:74,0
DA:76,0
DA:77,0
DA:78,0
DA:79,0
DA:80,0
DA:81,0
DA:82,0
DA:84,0
DA:85,0
DA:86,0
DA:87,0
DA:88,0
DA:90,0
DA:91,0
DA:97,0
DA:98,0
DA:99,0
DA:105,0
DA:106,0
DA:107,0
DA:111,0
DA:112,0
DA:113,0
DA:117,0
DA:118,0
DA:119,0
DA:123,0
DA:124,0
DA:125,0
DA:127,0
DA:128,0
DA:129,0
BRF:0
BRH:0
LF:64
LH:0
end_of_record
SF:/home/lewis/src/centralized-docs/centralized-docs/src/validate.rs
FN:17,_RNvNtCsfWoOj3yj0zc_3ctd8validate10tags_regex
FN:65,_RNvNtCsfWoOj3yj0zc_3ctd8validate12validate_all
FN:147,_RNvNtCsfWoOj3yj0zc_3ctd8validate13validate_file
FN:111,_RNvNtCsfWoOj3yj0zc_3ctd8validate13validate_path
FN:289,_RNvNtCsfWoOj3yj0zc_3ctd8validate14validate_limit
FN:258,_RNvNtCsfWoOj3yj0zc_3ctd8validate14validate_query
FN:166,_RNvNtCsfWoOj3yj0zc_3ctd8validate15check_h1_errors
FN:133,_RNvNtCsfWoOj3yj0zc_3ctd8validate17summarize_results
FN:209,_RNvNtCsfWoOj3yj0zc_3ctd8validate21check_context_section
FN:203,_RNvNtCsfWoOj3yj0zc_3ctd8validate21check_tags_sufficient
FN:214,_RNvNtCsfWoOj3yj0zc_3ctd8validate22check_see_also_section
FN:311,_RNvNtCsfWoOj3yj0zc_3ctd8validate22contains_regex_pattern
FN:188,_RNvNtCsfWoOj3yj0zc_3ctd8validate23check_frontmatter_error
FN:101,_RNvNtCsfWoOj3yj0zc_3ctd8validate26collect_validation_results
FN:192,_RNvNtCsfWoOj3yj0zc_3ctd8validate27check_required_field_errors
FN:324,_RNCNCNvNtCsfWoOj3yj0zc_3ctd8validate22contains_regex_pattern00B7_
FN:105,_RNCNCNvNtCsfWoOj3yj0zc_3ctd8validate26collect_validation_resultss_00B7_
FN:14,_RNCNvNtCsfWoOj3yj0zc_3ctd8validate10TAGS_REGEX0B5_
FN:20,_RNCNvNtCsfWoOj3yj0zc_3ctd8validate10tags_regex0B5_
FN:82,_RNCNvNtCsfWoOj3yj0zc_3ctd8validate12validate_all0B5_
FN:84,_RNCNvNtCsfWoOj3yj0zc_3ctd8validate12validate_alls_0B5_
FN:308,_RNCNvNtCsfWoOj3yj0zc_3ctd8validate14validate_limits_0B5_
FN:168,_RNCNvNtCsfWoOj3yj0zc_3ctd8validate15check_h1_errors0B5_
FN:135,_RNCNvNtCsfWoOj3yj0zc_3ctd8validate17summarize_results0B5_
FN:137,_RNCNvNtCsfWoOj3yj0zc_3ctd8validate17summarize_resultss0_0B5_
FN:136,_RNCNvNtCsfWoOj3yj0zc_3ctd8validate17summarize_resultss_0B5_
FN:211,_RNCNvNtCsfWoOj3yj0zc_3ctd8validate21check_context_section0B5_
FN:204,_RNCNvNtCsfWoOj3yj0zc_3ctd8validate21check_tags_sufficient0B5_
FN:206,_RNCNvNtCsfWoOj3yj0zc_3ctd8validate21check_tags_sufficients_0B5_
FN:215,_RNCNvNtCsfWoOj3yj0zc_3ctd8validate22check_see_also_section0B5_
FN:315,_RNCNvNtCsfWoOj3yj0zc_3ctd8validate22contains_regex_pattern0B5_
FN:189,_RNCNvNtCsfWoOj3yj0zc_3ctd8validate23check_frontmatter_error0B5_
FN:104,_RNCNvNtCsfWoOj3yj0zc_3ctd8validate26collect_validation_results0B5_
FN:106,_RNCNvNtCsfWoOj3yj0zc_3ctd8validate26collect_validation_resultss0_0B5_
FN:105,_RNCNvNtCsfWoOj3yj0zc_3ctd8validate26collect_validation_resultss_0B5_
FN:198,_RNCNvNtCsfWoOj3yj0zc_3ctd8validate27check_required_field_errors0B5_
FN:199,_RNCNvNtCsfWoOj3yj0zc_3ctd8validate27check_required_field_errorss_0B5_
FN:17,_RNvNtCsgDCRl3PpXZW_15doc_transformer8validate10tags_regex
FN:65,_RNvNtCsgDCRl3PpXZW_15doc_transformer8validate12validate_all
FN:147,_RNvNtCsgDCRl3PpXZW_15doc_transformer8validate13validate_file
FN:111,_RNvNtCsgDCRl3PpXZW_15doc_transformer8validate13validate_path
FN:289,_RNvNtCsgDCRl3PpXZW_15doc_transformer8validate14validate_limit
FN:258,_RNvNtCsgDCRl3PpXZW_15doc_transformer8validate14validate_query
FN:166,_RNvNtCsgDCRl3PpXZW_15doc_transformer8validate15check_h1_errors
FN:133,_RNvNtCsgDCRl3PpXZW_15doc_transformer8validate17summarize_results
FN:209,_RNvNtCsgDCRl3PpXZW_15doc_transformer8validate21check_context_section
FN:203,_RNvNtCsgDCRl3PpXZW_15doc_transformer8validate21check_tags_sufficient
FN:214,_RNvNtCsgDCRl3PpXZW_15doc_transformer8validate22check_see_also_section
FN:311,_RNvNtCsgDCRl3PpXZW_15doc_transformer8validate22contains_regex_pattern
FN:188,_RNvNtCsgDCRl3PpXZW_15doc_transformer8validate23check_frontmatter_error
FN:101,_RNvNtCsgDCRl3PpXZW_15doc_transformer8validate26collect_validation_results
FN:192,_RNvNtCsgDCRl3PpXZW_15doc_transformer8validate27check_required_field_errors
FN:324,_RNCNCNvNtCsgDCRl3PpXZW_15doc_transformer8validate22contains_regex_pattern00B7_
FN:105,_RNCNCNvNtCsgDCRl3PpXZW_15doc_transformer8validate26collect_validation_resultss_00B7_
FN:14,_RNCNvNtCsgDCRl3PpXZW_15doc_transformer8validate10TAGS_REGEX0B5_
FN:20,_RNCNvNtCsgDCRl3PpXZW_15doc_transformer8validate10tags_regex0B5_
FN:82,_RNCNvNtCsgDCRl3PpXZW_15doc_transformer8validate12validate_all0B5_
FN:84,_RNCNvNtCsgDCRl3PpXZW_15doc_transformer8validate12validate_alls_0B5_
FN:308,_RNCNvNtCsgDCRl3PpXZW_15doc_transformer8validate14validate_limits_0B5_
FN:168,_RNCNvNtCsgDCRl3PpXZW_15doc_transformer8validate15check_h1_errors0B5_
FN:135,_RNCNvNtCsgDCRl3PpXZW_15doc_transformer8validate17summarize_results0B5_
FN:137,_RNCNvNtCsgDCRl3PpXZW_15doc_transformer8validate17summarize_resultss0_0B5_
FN:136,_RNCNvNtCsgDCRl3PpXZW_15doc_transformer8validate17summarize_resultss_0B5_
FN:211,_RNCNvNtCsgDCRl3PpXZW_15doc_transformer8validate21check_context_section0B5_
FN:204,_RNCNvNtCsgDCRl3PpXZW_15doc_transformer8validate21check_tags_sufficient0B5_
FN:206,_RNCNvNtCsgDCRl3PpXZW_15doc_transformer8validate21check_tags_sufficients_0B5_
FN:215,_RNCNvNtCsgDCRl3PpXZW_15doc_transformer8validate22check_see_also_section0B5_
FN:315,_RNCNvNtCsgDCRl3PpXZW_15doc_transformer8validate22contains_regex_pattern0B5_
FN:189,_RNCNvNtCsgDCRl3PpXZW_15doc_transformer8validate23check_frontmatter_error0B5_
FN:104,_RNCNvNtCsgDCRl3PpXZW_15doc_transformer8validate26collect_validation_results0B5_
FN:106,_RNCNvNtCsgDCRl3PpXZW_15doc_transformer8validate26collect_validation_resultss0_0B5_
FN:105,_RNCNvNtCsgDCRl3PpXZW_15doc_transformer8validate26collect_validation_resultss_0B5_
FN:198,_RNCNvNtCsgDCRl3PpXZW_15doc_transformer8validate27check_required_field_errors0B5_
FN:199,_RNCNvNtCsgDCRl3PpXZW_15doc_transformer8validate27check_required_field_errorss_0B5_
FNDA:0,_RNvNtCsfWoOj3yj0zc_3ctd8validate10tags_regex
FNDA:0,_RNvNtCsfWoOj3yj0zc_3ctd8validate12validate_all
FNDA:0,_RNvNtCsfWoOj3yj0zc_3ctd8validate13validate_file
FNDA:0,_RNvNtCsfWoOj3yj0zc_3ctd8validate13validate_path
FNDA:0,_RNvNtCsfWoOj3yj0zc_3ctd8validate14validate_limit
FNDA:0,_RNvNtCsfWoOj3yj0zc_3ctd8validate14validate_query
FNDA:0,_RNvNtCsfWoOj3yj0zc_3ctd8validate15check_h1_errors
FNDA:0,_RNvNtCsfWoOj3yj0zc_3ctd8validate17summarize_results
FNDA:0,_RNvNtCsfWoOj3yj0zc_3ctd8validate21check_context_section
FNDA:0,_RNvNtCsfWoOj3yj0zc_3ctd8validate21check_tags_sufficient
FNDA:0,_RNvNtCsfWoOj3yj0zc_3ctd8validate22check_see_also_section
FNDA:0,_RNvNtCsfWoOj3yj0zc_3ctd8validate22contains_regex_pattern
FNDA:0,_RNvNtCsfWoOj3yj0zc_3ctd8validate23check_frontmatter_error
FNDA:0,_RNvNtCsfWoOj3yj0zc_3ctd8validate26collect_validation_results
FNDA:0,_RNvNtCsfWoOj3yj0zc_3ctd8validate27check_required_field_errors
FNDA:0,_RNCNCNvNtCsfWoOj3yj0zc_3ctd8validate22contains_regex_pattern00B7_
FNDA:0,_RNCNCNvNtCsfWoOj3yj0zc_3ctd8validate26collect_validation_resultss_00B7_
FNDA:0,_RNCNvNtCsfWoOj3yj0zc_3ctd8validate10TAGS_REGEX0B5_
FNDA:0,_RNCNvNtCsfWoOj3yj0zc_3ctd8validate10tags_regex0B5_
FNDA:0,_RNCNvNtCsfWoOj3yj0zc_3ctd8validate12validate_all0B5_
FNDA:0,_RNCNvNtCsfWoOj3yj0zc_3ctd8validate12validate_alls_0B5_
FNDA:0,_RNCNvNtCsfWoOj3yj0zc_3ctd8validate14validate_limits_0B5_
FNDA:0,_RNCNvNtCsfWoOj3yj0zc_3ctd8validate15check_h1_errors0B5_
FNDA:0,_RNCNvNtCsfWoOj3yj0zc_3ctd8validate17summarize_results0B5_
FNDA:0,_RNCNvNtCsfWoOj3yj0zc_3ctd8validate17summarize_resultss0_0B5_
FNDA:0,_RNCNvNtCsfWoOj3yj0zc_3ctd8validate17summarize_resultss_0B5_
FNDA:0,_RNCNvNtCsfWoOj3yj0zc_3ctd8validate21check_context_section0B5_
FNDA:0,_RNCNvNtCsfWoOj3yj0zc_3ctd8validate21check_tags_sufficient0B5_
FNDA:0,_RNCNvNtCsfWoOj3yj0zc_3ctd8validate21check_tags_sufficients_0B5_
FNDA:0,_RNCNvNtCsfWoOj3yj0zc_3ctd8validate22check_see_also_section0B5_
FNDA:0,_RNCNvNtCsfWoOj3yj0zc_3ctd8validate22contains_regex_pattern0B5_
FNDA:0,_RNCNvNtCsfWoOj3yj0zc_3ctd8validate23check_frontmatter_error0B5_
FNDA:0,_RNCNvNtCsfWoOj3yj0zc_3ctd8validate26collect_validation_results0B5_
FNDA:0,_RNCNvNtCsfWoOj3yj0zc_3ctd8validate26collect_validation_resultss0_0B5_
FNDA:0,_RNCNvNtCsfWoOj3yj0zc_3ctd8validate26collect_validation_resultss_0B5_
FNDA:0,_RNCNvNtCsfWoOj3yj0zc_3ctd8validate27check_required_field_errors0B5_
FNDA:0,_RNCNvNtCsfWoOj3yj0zc_3ctd8validate27check_required_field_errorss_0B5_
FNDA:0,_RNvNtCsgDCRl3PpXZW_15doc_transformer8validate10tags_regex
FNDA:0,_RNvNtCsgDCRl3PpXZW_15doc_transformer8validate12validate_all
FNDA:0,_RNvNtCsgDCRl3PpXZW_15doc_transformer8validate13validate_file
FNDA:0,_RNvNtCsgDCRl3PpXZW_15doc_transformer8validate13validate_path
FNDA:0,_RNvNtCsgDCRl3PpXZW_15doc_transformer8validate14validate_limit
FNDA:0,_RNvNtCsgDCRl3PpXZW_15doc_transformer8validate14validate_query
FNDA:0,_RNvNtCsgDCRl3PpXZW_15doc_transformer8validate15check_h1_errors
FNDA:0,_RNvNtCsgDCRl3PpXZW_15doc_transformer8validate17summarize_results
FNDA:0,_RNvNtCsgDCRl3PpXZW_15doc_transformer8validate21check_context_section
FNDA:0,_RNvNtCsgDCRl3PpXZW_15doc_transformer8validate21check_tags_sufficient
FNDA:0,_RNvNtCsgDCRl3PpXZW_15doc_transformer8validate22check_see_also_section
FNDA:0,_RNvNtCsgDCRl3PpXZW_15doc_transformer8validate22contains_regex_pattern
FNDA:0,_RNvNtCsgDCRl3PpXZW_15doc_transformer8validate23check_frontmatter_error
FNDA:0,_RNvNtCsgDCRl3PpXZW_15doc_transformer8validate26collect_validation_results
FNDA:0,_RNvNtCsgDCRl3PpXZW_15doc_transformer8validate27check_required_field_errors
FNDA:0,_RNCNCNvNtCsgDCRl3PpXZW_15doc_transformer8validate22contains_regex_pattern00B7_
FNDA:0,_RNCNCNvNtCsgDCRl3PpXZW_15doc_transformer8validate26collect_validation_resultss_00B7_
FNDA:0,_RNCNvNtCsgDCRl3PpXZW_15doc_transformer8validate10TAGS_REGEX0B5_
FNDA:0,_RNCNvNtCsgDCRl3PpXZW_15doc_transformer8validate10tags_regex0B5_
FNDA:0,_RNCNvNtCsgDCRl3PpXZW_15doc_transformer8validate12validate_all0B5_
FNDA:0,_RNCNvNtCsgDCRl3PpXZW_15doc_transformer8validate12validate_alls_0B5_
FNDA:0,_RNCNvNtCsgDCRl3PpXZW_15doc_transformer8validate14validate_limits_0B5_
FNDA:0,_RNCNvNtCsgDCRl3PpXZW_15doc_transformer8validate15check_h1_errors0B5_
FNDA:0,_RNCNvNtCsgDCRl3PpXZW_15doc_transformer8validate17summarize_results0B5_
FNDA:0,_RNCNvNtCsgDCRl3PpXZW_15doc_transformer8validate17summarize_resultss0_0B5_
FNDA:0,_RNCNvNtCsgDCRl3PpXZW_15doc_transformer8validate17summarize_resultss_0B5_
FNDA:0,_RNCNvNtCsgDCRl3PpXZW_15doc_transformer8validate21check_context_section0B5_
FNDA:0,_RNCNvNtCsgDCRl3PpXZW_15doc_transformer8validate21check_tags_sufficient0B5_
FNDA:0,_RNCNvNtCsgDCRl3PpXZW_15doc_transformer8validate21check_tags_sufficients_0B5_
FNDA:0,_RNCNvNtCsgDCRl3PpXZW_15doc_transformer8validate22check_see_also_section0B5_
FNDA:0,_RNCNvNtCsgDCRl3PpXZW_15doc_transformer8validate22contains_regex_pattern0B5_
FNDA:0,_RNCNvNtCsgDCRl3PpXZW_15doc_transformer8validate23check_frontmatter_error0B5_
FNDA:0,_RNCNvNtCsgDCRl3PpXZW_15doc_transformer8validate26collect_validation_results0B5_
FNDA:0,_RNCNvNtCsgDCRl3PpXZW_15doc_transformer8validate26collect_validation_resultss0_0B5_
FNDA:0,_RNCNvNtCsgDCRl3PpXZW_15doc_transformer8validate26collect_validation_resultss_0B5_
FNDA:0,_RNCNvNtCsgDCRl3PpXZW_15doc_transformer8validate27check_required_field_errors0B5_
FNDA:0,_RNCNvNtCsgDCRl3PpXZW_15doc_transformer8validate27check_required_field_errorss_0B5_
FNF:37
FNH:0
DA:14,0
DA:17,0
DA:18,0
DA:19,0
DA:20,0
DA:21,0
DA:65,0
DA:66,0
DA:68,0
DA:69,0
DA:70,0
DA:71,0
DA:72,0
DA:73,0
DA:74,0
DA:75,0
DA:76,0
DA:78,0
DA:79,0
DA:80,0
DA:81,0
DA:82,0
DA:83,0
DA:84,0
DA:85,0
DA:86,0
DA:87,0
DA:88,0
DA:90,0
DA:91,0
DA:92,0
DA:93,0
DA:94,0
DA:95,0
DA:96,0
DA:97,0
DA:101,0
DA:102,0
DA:103,0
DA:104,0
DA:105,0
DA:106,0
DA:107,0
DA:108,0
DA:109,0
DA:111,0
DA:112,0
DA:113,0
DA:114,0
DA:115,0
DA:116,0
DA:118,0
DA:119,0
DA:120,0
DA:121,0
DA:122,0
DA:124,0
DA:133,0
DA:134,0
DA:135,0
DA:136,0
DA:137,0
DA:139,0
DA:140,0
DA:141,0
DA:142,0
DA:143,0
DA:144,0
DA:145,0
DA:147,0
DA:148,0
DA:149,0
DA:150,0
DA:151,0
DA:152,0
DA:154,0
DA:155,0
DA:156,0
DA:157,0
DA:158,0
DA:159,0
DA:160,0
DA:161,0
DA:163,0
DA:164,0
DA:166,0
DA:167,0
DA:168,0
DA:169,0
DA:170,0
DA:176,0
DA:177,0
DA:179,0
DA:180,0
DA:181,0
DA:182,0
DA:183,0
DA:184,0
DA:186,0
DA:188,0
DA:189,0
DA:190,0
DA:192,0
DA:193,0
DA:194,0
DA:195,0
DA:196,0
DA:197,0
DA:198,0
DA:199,0
DA:200,0
DA:201,0
DA:203,0
DA:204,0
DA:205,0
DA:206,0
DA:207,0
DA:209,0
DA:210,0
DA:211,0
DA:212,0
DA:214,0
DA:215,0
DA:216,0
DA:258,0
DA:263,0
DA:264,0
DA:265,0
DA:267,0
DA:269,0
DA:270,0
DA:271,0
DA:273,0
DA:274,0
DA:275,0
DA:276,0
DA:277,0
DA:278,0
DA:280,0
DA:281,0
DA:282,0
DA:284,0
DA:285,0
DA:289,0
DA:290,0
DA:291,0
DA:292,0
DA:294,0
DA:295,0
DA:296,0
DA:298,0
DA:299,0
DA:300,0
DA:302,0
DA:303,0
DA:304,0
DA:306,0
DA:307,0
DA:308,0
DA:309,0
DA:311,0
DA:312,0
DA:313,0
DA:315,0
DA:316,0
DA:317,0
DA:318,0
DA:319,0
DA:320,0
DA:321,0
DA:322,0
DA:323,0
DA:324,0
DA:325,0
DA:326,0
DA:327,0
DA:329,0
DA:330,0
DA:331,0
BRF:0
BRH:0
LF:199
LH:0
end_of_record
SF:/home/lewis/src/centralized-docs/centralized-docs/src/watch.rs
FN:282,_RNCNCNvNtCsgDCRl3PpXZW_15doc_transformer5watch14diff_snapshots00B7_
FN:291,_RNCNCNvNtCsgDCRl3PpXZW_15doc_transformer5watch14diff_snapshots0s_0B7_
FN:317,_RNCNCNvNtCsgDCRl3PpXZW_15doc_transformer5watch14diff_snapshotss1_00B7_
FN:239,_RNCNvNtCsgDCRl3PpXZW_15doc_transformer5watch13count_by_kind0B5_
FN:280,_RNCNvNtCsgDCRl3PpXZW_15doc_transformer5watch14diff_snapshots0B5_
FN:308,_RNCNvNtCsgDCRl3PpXZW_15doc_transformer5watch14diff_snapshotss0_0B5_
FN:317,_RNCNvNtCsgDCRl3PpXZW_15doc_transformer5watch14diff_snapshotss1_0B5_
FN:306,_RNCNvNtCsgDCRl3PpXZW_15doc_transformer5watch14diff_snapshotss_0B5_
FN:334,_RNCNvNtCsgDCRl3PpXZW_15doc_transformer5watch16diff_directories0B5_
FN:341,_RNCNvNtCsgDCRl3PpXZW_15doc_transformer5watch16diff_directoriess0_0B5_
FN:343,_RNCNvNtCsgDCRl3PpXZW_15doc_transformer5watch16diff_directoriess1_0B5_
FN:336,_RNCNvNtCsgDCRl3PpXZW_15doc_transformer5watch16diff_directoriess_0B5_
FN:219,_RNCNvNtCsgDCRl3PpXZW_15doc_transformer5watch20snapshot_from_scrape0B5_
FN:127,_RNCNvNvNtCsgDCRl3PpXZW_15doc_transformer5watch20format_plan_markdown12changes_body0B7_
FN:144,_RNCNvNvNvNtCsgDCRl3PpXZW_15doc_transformer5watch20format_plan_markdown12changes_body7section0B9_
FN:115,_RNvMNtCsgDCRl3PpXZW_15doc_transformer5watchNtB2_13ChangeSummary8is_empty
FN:250,_RNvNtCsgDCRl3PpXZW_15doc_transformer5watch12compute_plan
FN:238,_RNvNtCsgDCRl3PpXZW_15doc_transformer5watch13count_by_kind
FN:279,_RNvNtCsgDCRl3PpXZW_15doc_transformer5watch14diff_snapshots
FN:328,_RNvNtCsgDCRl3PpXZW_15doc_transformer5watch16diff_directories
FN:207,_RNvNtCsgDCRl3PpXZW_15doc_transformer5watch16format_plan_json
FN:374,_RNvNtCsgDCRl3PpXZW_15doc_transformer5watch18write_plan_reports
FN:122,_RNvNtCsgDCRl3PpXZW_15doc_transformer5watch20format_plan_markdown
FN:215,_RNvNtCsgDCRl3PpXZW_15doc_transformer5watch20snapshot_from_scrape
FN:123,_RNvNvNtCsgDCRl3PpXZW_15doc_transformer5watch20format_plan_markdown12changes_body
FN:157,_RNvNvNtCsgDCRl3PpXZW_15doc_transformer5watch20format_plan_markdown13summary_lines
FN:143,_RNvNvNvNtCsgDCRl3PpXZW_15doc_transformer5watch20format_plan_markdown12changes_body7section
FNDA:0,_RNCNCNvNtCsgDCRl3PpXZW_15doc_transformer5watch14diff_snapshots00B7_
FNDA:0,_RNCNCNvNtCsgDCRl3PpXZW_15doc_transformer5watch14diff_snapshots0s_0B7_
FNDA:0,_RNCNCNvNtCsgDCRl3PpXZW_15doc_transformer5watch14diff_snapshotss1_00B7_
FNDA:0,_RNCNvNtCsgDCRl3PpXZW_15doc_transformer5watch13count_by_kind0B5_
FNDA:0,_RNCNvNtCsgDCRl3PpXZW_15doc_transformer5watch14diff_snapshots0B5_
FNDA:0,_RNCNvNtCsgDCRl3PpXZW_15doc_transformer5watch14diff_snapshotss0_0B5_
FNDA:0,_RNCNvNtCsgDCRl3PpXZW_15doc_transformer5watch14diff_snapshotss1_0B5_
FNDA:0,_RNCNvNtCsgDCRl3PpXZW_15doc_transformer5watch14diff_snapshotss_0B5_
FNDA:0,_RNCNvNtCsgDCRl3PpXZW_15doc_transformer5watch16diff_directories0B5_
FNDA:0,_RNCNvNtCsgDCRl3PpXZW_15doc_transformer5watch16diff_directoriess0_0B5_
FNDA:0,_RNCNvNtCsgDCRl3PpXZW_15doc_transformer5watch16diff_directoriess1_0B5_
FNDA:0,_RNCNvNtCsgDCRl3PpXZW_15doc_transformer5watch16diff_directoriess_0B5_
FNDA:0,_RNCNvNtCsgDCRl3PpXZW_15doc_transformer5watch20snapshot_from_scrape0B5_
FNDA:0,_RNCNvNvNtCsgDCRl3PpXZW_15doc_transformer5watch20format_plan_markdown12changes_body0B7_
FNDA:0,_RNCNvNvNvNtCsgDCRl3PpXZW_15doc_transformer5watch20format_plan_markdown12changes_body7section0B9_
FNDA:0,_RNvMNtCsgDCRl3PpXZW_15doc_transformer5watchNtB2_13ChangeSummary8is_empty
FNDA:0,_RNvNtCsgDCRl3PpXZW_15doc_transformer5watch12compute_plan
FNDA:0,_RNvNtCsgDCRl3PpXZW_15doc_transformer5watch13count_by_kind
FNDA:0,_RNvNtCsgDCRl3PpXZW_15doc_transformer5watch14diff_snapshots
FNDA:0,_RNvNtCsgDCRl3PpXZW_15doc_transformer5watch16diff_directories
FNDA:0,_RNvNtCsgDCRl3PpXZW_15doc_transformer5watch16format_plan_json
FNDA:0,_RNvNtCsgDCRl3PpXZW_15doc_transformer5watch18write_plan_reports
FNDA:0,_RNvNtCsgDCRl3PpXZW_15doc_transformer5watch20format_plan_markdown
FNDA:0,_RNvNtCsgDCRl3PpXZW_15doc_transformer5watch20snapshot_from_scrape
FNDA:0,_RNvNvNtCsgDCRl3PpXZW_15doc_transformer5watch20format_plan_markdown12changes_body
FNDA:0,_RNvNvNtCsgDCRl3PpXZW_15doc_transformer5watch20format_plan_markdown13summary_lines
FNDA:0,_RNvNvNvNtCsgDCRl3PpXZW_15doc_transformer5watch20format_plan_markdown12changes_body7section
FNF:27
FNH:0
DA:115,0
DA:116,0
DA:117,0
DA:122,0
DA:123,0
DA:125,0
DA:126,0
DA:127,0
DA:128,0
DA:129,0
DA:130,0
DA:131,0
DA:133,0
DA:134,0
DA:135,0
DA:136,0
DA:138,0
DA:139,0
DA:140,0
DA:143,0
DA:144,0
DA:145,0
DA:147,0
DA:148,0
DA:149,0
DA:150,0
DA:151,0
DA:152,0
DA:153,0
DA:154,0
DA:155,0
DA:157,0
DA:158,0
DA:159,0
DA:160,0
DA:161,0
DA:162,0
DA:163,0
DA:164,0
DA:165,0
DA:166,0
DA:167,0
DA:168,0
DA:169,0
DA:170,0
DA:173,0
DA:174,0
DA:176,0
DA:177,0
DA:178,0
DA:179,0
DA:180,0
DA:181,0
DA:183,0
DA:184,0
DA:185,0
DA:186,0
DA:188,0
DA:189,0
DA:190,0
DA:192,0
DA:194,0
DA:198,0
DA:199,0
DA:200,0
DA:207,0
DA:208,0
DA:209,0
DA:215,0
DA:216,0
DA:217,0
DA:218,0
DA:219,0
DA:220,0
DA:221,0
DA:222,0
DA:223,0
DA:224,0
DA:225,0
DA:226,0
DA:227,0
DA:228,0
DA:230,0
DA:231,0
DA:232,0
DA:233,0
DA:234,0
DA:235,0
DA:238,0
DA:239,0
DA:240,0
DA:241,0
DA:242,0
DA:243,0
DA:244,0
DA:250,0
DA:251,0
DA:252,0
DA:253,0
DA:254,0
DA:255,0
DA:256,0
DA:257,0
DA:258,0
DA:260,0
DA:261,0
DA:262,0
DA:263,0
DA:264,0
DA:265,0
DA:266,0
DA:267,0
DA:268,0
DA:269,0
DA:270,0
DA:271,0
DA:272,0
DA:273,0
DA:274,0
DA:279,0
DA:280,0
DA:281,0
DA:282,0
DA:283,0
DA:284,0
DA:285,0
DA:286,0
DA:287,0
DA:288,0
DA:289,0
DA:290,0
DA:291,0
DA:292,0
DA:293,0
DA:294,0
DA:295,0
DA:296,0
DA:297,0
DA:298,0
DA:299,0
DA:301,0
DA:303,0
DA:304,0
DA:305,0
DA:306,0
DA:307,0
DA:308,0
DA:309,0
DA:310,0
DA:311,0
DA:312,0
DA:313,0
DA:315,0
DA:316,0
DA:317,0
DA:318,0
DA:319,0
DA:328,0
DA:329,0
DA:330,0
DA:332,0
DA:333,0
DA:334,0
DA:335,0
DA:336,0
DA:339,0
DA:340,0
DA:341,0
DA:342,0
DA:343,0
DA:346,0
DA:347,0
DA:349,0
DA:350,0
DA:351,0
DA:353,0
DA:354,0
DA:355,0
DA:356,0
DA:357,0
DA:358,0
DA:359,0
DA:360,0
DA:361,0
DA:362,0
DA:363,0
DA:364,0
DA:365,0
DA:366,0
DA:367,0
DA:374,0
DA:375,0
DA:377,0
DA:378,0
DA:380,0
DA:381,0
DA:383,0
DA:384,0
DA:386,0
DA:387,0
BRF:0
BRH:0
LF:211
LH:0
end_of_record